13-06-2020 04:02:43.5 [INFO] Connector running on Port 8008
13-06-2020 04:02:43.9 [NOTICE] 2rsrhgatat53pnw7dd9wcu4hvznkwd1 subscribed on channel /TL_TOGGLE
13-06-2020 04:02:45.4 [DEBUG] data received: RELAY_STATUS
13-06-2020 04:02:45.4 [ALERT] bad format or unreadable message: 
RELAY_STATUS 
13-06-2020 04:02:45.4 [ALERT] Aborting the current operation
13-06-2020 04:02:45.9 [DEBUG] data received: RELAY_STATUS
13-06-2020 04:02:45.9 [ALERT] bad format or unreadable message: 
RELAY_STATUS 
13-06-2020 04:02:45.9 [ALERT] Aborting the current operation
13-06-2020 04:02:46.4 [DEBUG] data received: RELAY_STATUS
13-06-2020 04:02:46.4 [ALERT] bad format or unreadable message: 
RELAY_STATUS 
13-06-2020 04:02:46.4 [ALERT] Aborting the current operation
13-06-2020 04:02:46.9 [DEBUG] data received: RELAY_STATUS
13-06-2020 04:02:46.9 [ALERT] bad format or unreadable message: 
RELAY_STATUS 
13-06-2020 04:02:46.9 [ALERT] Aborting the current operation
13-06-2020 04:02:47.4 [DEBUG] data received: RELAY_STATUS
13-06-2020 04:02:47.4 [ALERT] bad format or unreadable message: 
RELAY_STATUS 
13-06-2020 04:02:47.4 [ALERT] Aborting the current operation
13-06-2020 04:02:47.9 [DEBUG] data received: RELAY_STATUS
13-06-2020 04:02:47.9 [ALERT] bad format or unreadable message: 
RELAY_STATUS 
13-06-2020 04:02:47.9 [ALERT] Aborting the current operation
13-06-2020 04:02:48.4 [DEBUG] data received: RELAY_STATUS
13-06-2020 04:02:48.4 [ALERT] bad format or unreadable message: 
RELAY_STATUS 
13-06-2020 04:02:48.4 [ALERT] Aborting the current operation
13-06-2020 04:02:48.9 [DEBUG] data received: RELAY_STATUS
13-06-2020 04:02:48.9 [ALERT] bad format or unreadable message: 
RELAY_STATUS 
13-06-2020 04:02:48.9 [ALERT] Aborting the current operation
13-06-2020 04:02:49.4 [DEBUG] data received: RELAY_STATUS
13-06-2020 04:02:49.4 [ALERT] bad format or unreadable message: 
RELAY_STATUS 
13-06-2020 04:02:49.4 [ALERT] Aborting the current operation
13-06-2020 04:02:49.9 [DEBUG] data received: RELAY_STATUS
13-06-2020 04:02:49.9 [ALERT] bad format or unreadable message: 
RELAY_STATUS 
13-06-2020 04:02:49.9 [ALERT] Aborting the current operation
13-06-2020 04:02:50.4 [DEBUG] data received: RELAY_STATUS
13-06-2020 04:02:50.4 [ALERT] bad format or unreadable message: 
RELAY_STATUS 
13-06-2020 04:02:50.4 [ALERT] Aborting the current operation
13-06-2020 04:02:50.9 [DEBUG] data received: RELAY_STATUS
13-06-2020 04:02:50.9 [ALERT] bad format or unreadable message: 
RELAY_STATUS 
13-06-2020 04:02:50.9 [ALERT] Aborting the current operation
13-06-2020 04:02:51.4 [DEBUG] data received: RELAY_STATUS
13-06-2020 04:02:51.4 [ALERT] bad format or unreadable message: 
RELAY_STATUS 
13-06-2020 04:02:51.4 [ALERT] Aborting the current operation
13-06-2020 04:02:51.9 [DEBUG] data received: RELAY_STATUS
13-06-2020 04:02:51.9 [ALERT] bad format or unreadable message: 
RELAY_STATUS 
13-06-2020 04:02:51.9 [ALERT] Aborting the current operation
13-06-2020 04:02:52.4 [DEBUG] data received: RELAY_STATUS
13-06-2020 04:02:52.4 [ALERT] bad format or unreadable message: 
RELAY_STATUS 
13-06-2020 04:02:52.4 [ALERT] Aborting the current operation
13-06-2020 04:04:42.6 [INFO] Connector running on Port 8008
13-06-2020 04:04:42.8 [DEBUG] data received: RELAY_STATUS
13-06-2020 04:04:42.8 [DEBUG] data received: RELAY_STATUS
13-06-2020 04:04:42.8 [DEBUG] data received: RELAY_STATUS
13-06-2020 04:04:42.8 [DEBUG] data received: RELAY_STATUS
13-06-2020 04:04:42.8 [DEBUG] data received: RELAY_STATUS
13-06-2020 04:04:42.8 [DEBUG] data received: RELAY_STATUS
13-06-2020 04:04:42.8 [DEBUG] data received: RELAY_STATUS
13-06-2020 04:04:42.8 [DEBUG] data received: RELAY_STATUS
13-06-2020 04:04:42.8 [DEBUG] data received: RELAY_STATUS
13-06-2020 04:04:42.8 [DEBUG] data received: RELAY_STATUS
13-06-2020 04:04:42.8 [DEBUG] data received: RELAY_STATUS
13-06-2020 04:04:42.8 [DEBUG] data received: RELAY_STATUS
13-06-2020 04:04:42.8 [DEBUG] data received: RELAY_STATUS
13-06-2020 04:04:42.8 [DEBUG] data received: RELAY_STATUS
13-06-2020 04:04:42.8 [DEBUG] data received: RELAY_STATUS
13-06-2020 04:04:42.8 [NOTICE] zfb9wpm8ehzvu9a0dzmx5pwdagvx2x8 subscribed on channel /TL_TOGGLE
13-06-2020 04:04:44.3 [DEBUG] data received: RELAY_STATUS
13-06-2020 04:04:44.8 [DEBUG] data received: RELAY_STATUS
13-06-2020 04:04:45.3 [DEBUG] data received: RELAY_STATUS
13-06-2020 04:04:45.8 [DEBUG] data received: RELAY_STATUS
13-06-2020 04:04:46.3 [DEBUG] data received: RELAY_STATUS
13-06-2020 04:04:46.8 [DEBUG] data received: RELAY_STATUS
13-06-2020 04:04:47.3 [DEBUG] data received: RELAY_STATUS
13-06-2020 04:04:47.8 [DEBUG] data received: RELAY_STATUS
13-06-2020 04:04:48.3 [DEBUG] data received: RELAY_STATUS
13-06-2020 04:04:48.8 [DEBUG] data received: RELAY_STATUS
13-06-2020 04:04:49.3 [DEBUG] data received: RELAY_STATUS
13-06-2020 04:04:49.8 [DEBUG] data received: RELAY_STATUS
13-06-2020 04:04:50.3 [DEBUG] data received: RELAY_STATUS
13-06-2020 04:04:50.8 [DEBUG] data received: RELAY_STATUS
13-06-2020 04:04:51.3 [DEBUG] data received: RELAY_STATUS
13-06-2020 04:04:51.8 [DEBUG] data received: RELAY_STATUS
13-06-2020 04:04:52.3 [DEBUG] data received: RELAY_STATUS
13-06-2020 04:04:52.8 [DEBUG] data received: RELAY_STATUS
13-06-2020 04:04:53.3 [DEBUG] data received: RELAY_STATUS
13-06-2020 04:04:53.8 [DEBUG] data received: RELAY_STATUS
13-06-2020 04:04:54.3 [DEBUG] data received: RELAY_STATUS
13-06-2020 04:04:54.6 [DEBUG] zfb9wpm8ehzvu9a0dzmx5pwdagvx2x8 publish on channel /TL_TOGGLE
13-06-2020 04:04:54.6 [DEBUG] 
[
   "F1#R",
   "F3#R",
   "F2#G",
   "F4#G"
]
13-06-2020 04:04:54.6 [INFO] F1#R written
13-06-2020 04:04:54.6 [INFO] F3#R written
13-06-2020 04:04:54.6 [INFO] F2#G written
13-06-2020 04:04:54.6 [INFO] F4#G written
13-06-2020 04:04:55.8 [DEBUG] data received: F1#RF3#RF2#GF4#G
13-06-2020 04:04:55.8 [DEBUG] data received: F1
13-06-2020 04:04:55.9 [DEBUG] data received: R
13-06-2020 04:04:55.9 [DEBUG] data received: RELAY_STATUS
13-06-2020 04:04:56.3 [DEBUG] data received: RELAY_STATUS
13-06-2020 04:04:56.8 [DEBUG] data received: RELAY_STATUS
13-06-2020 04:04:57.3 [DEBUG] data received: RELAY_STATUS
13-06-2020 04:04:57.8 [DEBUG] data received: RELAY_STATUS
13-06-2020 04:04:58.3 [DEBUG] data received: RELAY_STATUS
13-06-2020 04:04:58.8 [DEBUG] data received: RELAY_STATUS
13-06-2020 04:04:59.3 [DEBUG] data received: RELAY_STATUS
13-06-2020 04:04:59.8 [DEBUG] data received: RELAY_STATUS
13-06-2020 04:05:00.3 [DEBUG] data received: RELAY_STATUS
13-06-2020 04:05:00.8 [DEBUG] data received: RELAY_STATUS
13-06-2020 04:05:01.3 [DEBUG] data received: RELAY_STATUS
13-06-2020 04:05:01.8 [DEBUG] data received: RELAY_STATUS
13-06-2020 04:05:02.3 [DEBUG] data received: RELAY_STATUS
13-06-2020 04:05:02.6 [DEBUG] zfb9wpm8ehzvu9a0dzmx5pwdagvx2x8 publish on channel /TL_TOGGLE
13-06-2020 04:05:02.6 [DEBUG] zfb9wpm8ehzvu9a0dzmx5pwdagvx2x8 publish on channel /TL_TOGGLE
13-06-2020 04:05:02.6 [DEBUG] zfb9wpm8ehzvu9a0dzmx5pwdagvx2x8 publish on channel /TL_TOGGLE
13-06-2020 04:05:02.6 [DEBUG] zfb9wpm8ehzvu9a0dzmx5pwdagvx2x8 publish on channel /TL_TOGGLE
13-06-2020 04:05:02.6 [DEBUG] 
[
   "F1#R"
]
13-06-2020 04:05:02.6 [DEBUG] 
[
   "F3#R"
]
13-06-2020 04:05:02.6 [DEBUG] 
[
   "F2#O"
]
13-06-2020 04:05:02.6 [DEBUG] 
[
   "F4#O"
]
13-06-2020 04:05:02.6 [INFO] F1#R written
13-06-2020 04:05:02.6 [INFO] F2#O written
13-06-2020 04:05:02.6 [INFO] F3#R written
13-06-2020 04:05:02.6 [INFO] F4#O written
13-06-2020 04:05:03.8 [DEBUG] data received: F1#RF3#RF2#OF4#O
13-06-2020 04:05:03.8 [DEBUG] data received: F1
13-06-2020 04:05:03.8 [DEBUG] data received: R
13-06-2020 04:05:03.9 [DEBUG] data received: RELAY_STATUS
13-06-2020 04:05:04.3 [DEBUG] data received: RELAY_STATUS
13-06-2020 04:05:04.6 [DEBUG] zfb9wpm8ehzvu9a0dzmx5pwdagvx2x8 publish on channel /TL_TOGGLE
13-06-2020 04:05:04.6 [DEBUG] 
[
   "F1#G",
   "F3#G",
   "F2#R",
   "F4#R"
]
13-06-2020 04:05:04.6 [INFO] F1#G written
13-06-2020 04:05:04.6 [INFO] F3#G written
13-06-2020 04:05:04.6 [INFO] F2#R written
13-06-2020 04:05:04.6 [INFO] F4#R written
13-06-2020 04:05:05.8 [DEBUG] data received: F1#GF3#GF2#RF4#R
13-06-2020 04:05:05.8 [DEBUG] data received: F1
13-06-2020 04:05:05.8 [DEBUG] data received: G
13-06-2020 04:05:05.9 [DEBUG] data received: RELAY_STATUS
13-06-2020 04:05:06.3 [DEBUG] data received: RELAY_STATUS
13-06-2020 04:05:06.8 [DEBUG] data received: RELAY_STATUS
13-06-2020 04:05:07.3 [DEBUG] data received: RELAY_STATUS
13-06-2020 04:05:07.8 [DEBUG] data received: RELAY_STATUS
13-06-2020 04:05:08.3 [DEBUG] data received: RELAY_STATUS
13-06-2020 04:05:08.8 [DEBUG] data received: RELAY_STATUS
13-06-2020 04:05:09.3 [DEBUG] data received: RELAY_STATUS
13-06-2020 04:05:09.8 [DEBUG] data received: RELAY_STATUS
13-06-2020 04:05:10.3 [DEBUG] data received: RELAY_STATUS
13-06-2020 04:05:10.8 [DEBUG] data received: RELAY_STATUS
13-06-2020 04:05:11.3 [DEBUG] data received: RELAY_STATUS
13-06-2020 04:05:11.8 [DEBUG] data received: RELAY_STATUS
13-06-2020 04:05:12.3 [DEBUG] data received: RELAY_STATUS
13-06-2020 04:05:12.6 [DEBUG] zfb9wpm8ehzvu9a0dzmx5pwdagvx2x8 publish on channel /TL_TOGGLE
13-06-2020 04:05:12.6 [DEBUG] zfb9wpm8ehzvu9a0dzmx5pwdagvx2x8 publish on channel /TL_TOGGLE
13-06-2020 04:05:12.6 [DEBUG] zfb9wpm8ehzvu9a0dzmx5pwdagvx2x8 publish on channel /TL_TOGGLE
13-06-2020 04:05:12.6 [DEBUG] zfb9wpm8ehzvu9a0dzmx5pwdagvx2x8 publish on channel /TL_TOGGLE
13-06-2020 04:05:12.6 [DEBUG] 
[
   "F1#O"
]
13-06-2020 04:05:12.6 [DEBUG] 
[
   "F3#O"
]
13-06-2020 04:05:12.6 [DEBUG] 
[
   "F2#R"
]
13-06-2020 04:05:12.6 [DEBUG] 
[
   "F4#R"
]
13-06-2020 04:05:12.6 [INFO] F1#O written
13-06-2020 04:05:12.6 [INFO] F3#O written
13-06-2020 04:05:12.6 [INFO] F2#R written
13-06-2020 04:05:12.6 [INFO] F4#R written
13-06-2020 04:05:13.8 [DEBUG] data received: F1#OF3#OF2#RF4#R
13-06-2020 04:05:13.8 [DEBUG] data received: F1
13-06-2020 04:05:13.8 [DEBUG] data received: O
13-06-2020 04:05:13.9 [DEBUG] data received: RELAY_STATUS
13-06-2020 04:05:14.3 [DEBUG] data received: RELAY_STATUS
13-06-2020 04:05:14.6 [DEBUG] zfb9wpm8ehzvu9a0dzmx5pwdagvx2x8 publish on channel /TL_TOGGLE
13-06-2020 04:05:14.6 [DEBUG] 
[
   "F1#R",
   "F3#R",
   "F2#G",
   "F4#G"
]
13-06-2020 04:05:14.6 [INFO] F1#R written
13-06-2020 04:05:14.6 [INFO] F3#R written
13-06-2020 04:05:14.6 [INFO] F2#G written
13-06-2020 04:05:14.6 [INFO] F4#G written
13-06-2020 04:05:15.8 [DEBUG] data received: F1#RF3#RF2#GF4#G
13-06-2020 04:05:15.8 [DEBUG] data received: F1
13-06-2020 04:05:15.8 [DEBUG] data received: R
13-06-2020 04:05:15.9 [DEBUG] data received: RELAY_STATUS
13-06-2020 04:05:16.3 [DEBUG] data received: RELAY_STATUS
13-06-2020 04:05:16.8 [DEBUG] data received: RELAY_STATUS
13-06-2020 04:05:17.3 [DEBUG] data received: RELAY_STATUS
13-06-2020 04:05:17.8 [DEBUG] data received: RELAY_STATUS
13-06-2020 04:05:18.3 [DEBUG] data received: RELAY_STATUS
13-06-2020 04:05:18.8 [DEBUG] data received: RELAY_STATUS
13-06-2020 04:05:19.3 [DEBUG] data received: RELAY_STATUS
13-06-2020 04:05:19.8 [DEBUG] data received: RELAY_STATUS
13-06-2020 04:05:20.3 [DEBUG] data received: RELAY_STATUS
13-06-2020 04:05:20.8 [DEBUG] data received: RELAY_STATUS
13-06-2020 04:05:21.3 [DEBUG] data received: RELAY_STATUS
13-06-2020 04:05:21.8 [DEBUG] data received: RELAY_STATUS
13-06-2020 04:05:22.3 [DEBUG] data received: RELAY_STATUS
13-06-2020 04:05:22.6 [DEBUG] zfb9wpm8ehzvu9a0dzmx5pwdagvx2x8 publish on channel /TL_TOGGLE
13-06-2020 04:05:22.6 [DEBUG] zfb9wpm8ehzvu9a0dzmx5pwdagvx2x8 publish on channel /TL_TOGGLE
13-06-2020 04:05:22.6 [DEBUG] zfb9wpm8ehzvu9a0dzmx5pwdagvx2x8 publish on channel /TL_TOGGLE
13-06-2020 04:05:22.6 [DEBUG] zfb9wpm8ehzvu9a0dzmx5pwdagvx2x8 publish on channel /TL_TOGGLE
13-06-2020 04:05:22.6 [DEBUG] 
[
   "F1#R"
]
13-06-2020 04:05:22.6 [DEBUG] 
[
   "F3#R"
]
13-06-2020 04:05:22.6 [DEBUG] 
[
   "F2#O"
]
13-06-2020 04:05:22.6 [DEBUG] 
[
   "F4#O"
]
13-06-2020 04:05:22.7 [INFO] F1#R written
13-06-2020 04:05:22.7 [INFO] F3#R written
13-06-2020 04:05:22.7 [INFO] F2#O written
13-06-2020 04:05:22.7 [INFO] F4#O written
13-06-2020 04:05:23.8 [DEBUG] data received: F1#RF3#RF2#OF4#O
13-06-2020 04:05:23.8 [DEBUG] data received: F1
13-06-2020 04:05:23.8 [DEBUG] data received: R
13-06-2020 04:05:23.8 [DEBUG] data received: RELAY_STATUS
13-06-2020 04:05:24.3 [DEBUG] data received: RELAY_STATUS
13-06-2020 04:05:24.6 [DEBUG] zfb9wpm8ehzvu9a0dzmx5pwdagvx2x8 publish on channel /TL_TOGGLE
13-06-2020 04:05:24.6 [DEBUG] 
[
   "F1#G",
   "F3#G",
   "F2#R",
   "F4#R"
]
13-06-2020 04:05:24.6 [INFO] F1#G written
13-06-2020 04:05:24.6 [INFO] F3#G written
13-06-2020 04:05:24.6 [INFO] F2#R written
13-06-2020 04:05:24.6 [INFO] F4#R written
13-06-2020 04:05:25.8 [DEBUG] data received: F1#GF3#GF2#RF4#R
13-06-2020 04:05:25.8 [DEBUG] data received: F1
13-06-2020 04:05:25.8 [DEBUG] data received: G
13-06-2020 04:05:25.9 [DEBUG] data received: RELAY_STATUS
13-06-2020 04:05:26.3 [DEBUG] data received: RELAY_STATUS
13-06-2020 04:05:26.8 [DEBUG] data received: RELAY_STATUS
13-06-2020 04:05:27.3 [DEBUG] data received: RELAY_STATUS
13-06-2020 04:05:27.8 [DEBUG] data received: RELAY_STATUS
13-06-2020 04:05:28.3 [DEBUG] data received: RELAY_STATUS
13-06-2020 04:05:28.8 [DEBUG] data received: RELAY_STATUS
13-06-2020 04:05:29.3 [DEBUG] data received: RELAY_STATUS
13-06-2020 04:05:29.8 [DEBUG] data received: RELAY_STATUS
13-06-2020 04:05:30.3 [DEBUG] data received: RELAY_STATUS
13-06-2020 04:05:30.8 [DEBUG] data received: RELAY_STATUS
13-06-2020 04:05:31.3 [DEBUG] data received: RELAY_STATUS
13-06-2020 04:05:31.8 [DEBUG] data received: RELAY_STATUS
13-06-2020 04:05:32.3 [DEBUG] data received: RELAY_STATUS
13-06-2020 04:05:32.6 [DEBUG] zfb9wpm8ehzvu9a0dzmx5pwdagvx2x8 publish on channel /TL_TOGGLE
13-06-2020 04:05:32.6 [DEBUG] zfb9wpm8ehzvu9a0dzmx5pwdagvx2x8 publish on channel /TL_TOGGLE
13-06-2020 04:05:32.6 [DEBUG] zfb9wpm8ehzvu9a0dzmx5pwdagvx2x8 publish on channel /TL_TOGGLE
13-06-2020 04:05:32.6 [DEBUG] zfb9wpm8ehzvu9a0dzmx5pwdagvx2x8 publish on channel /TL_TOGGLE
13-06-2020 04:05:32.6 [DEBUG] 
[
   "F1#O"
]
13-06-2020 04:05:32.6 [DEBUG] 
[
   "F3#O"
]
13-06-2020 04:05:32.6 [DEBUG] 
[
   "F2#R"
]
13-06-2020 04:05:32.6 [DEBUG] 
[
   "F4#R"
]
13-06-2020 04:05:32.6 [INFO] F1#O written
13-06-2020 04:05:32.6 [INFO] F3#O written
13-06-2020 04:05:32.6 [INFO] F2#R written
13-06-2020 04:05:32.6 [INFO] F4#R written
13-06-2020 04:05:33.8 [DEBUG] data received: F1#OF3#OF2#RF4#R
13-06-2020 04:05:33.8 [DEBUG] data received: F1
13-06-2020 04:05:33.8 [DEBUG] data received: O
13-06-2020 04:05:33.8 [DEBUG] data received: RELAY_STATUS
13-06-2020 04:05:34.3 [DEBUG] data received: RELAY_STATUS
13-06-2020 04:05:34.6 [DEBUG] zfb9wpm8ehzvu9a0dzmx5pwdagvx2x8 publish on channel /TL_TOGGLE
13-06-2020 04:05:34.6 [DEBUG] 
[
   "F1#R",
   "F3#R",
   "F2#G",
   "F4#G"
]
13-06-2020 04:05:34.6 [INFO] F1#R written
13-06-2020 04:05:34.6 [INFO] F3#R written
13-06-2020 04:05:34.6 [INFO] F2#G written
13-06-2020 04:05:34.6 [INFO] F4#G written
13-06-2020 04:05:35.8 [DEBUG] data received: F1#RF3#RF2#GF4#G
13-06-2020 04:05:35.8 [DEBUG] data received: F1
13-06-2020 04:05:35.8 [DEBUG] data received: R
13-06-2020 04:05:35.8 [DEBUG] data received: RELAY_STATUS
13-06-2020 04:05:36.3 [DEBUG] data received: RELAY_STATUS
13-06-2020 04:05:36.8 [DEBUG] data received: RELAY_STATUS
13-06-2020 04:05:37.3 [DEBUG] data received: RELAY_STATUS
13-06-2020 04:05:37.8 [DEBUG] data received: RELAY_STATUS
13-06-2020 04:05:38.3 [DEBUG] data received: RELAY_STATUS
13-06-2020 04:05:38.8 [DEBUG] data received: RELAY_STATUS
13-06-2020 04:05:39.3 [DEBUG] data received: RELAY_STATUS
13-06-2020 04:05:39.8 [DEBUG] data received: RELAY_STATUS
13-06-2020 04:05:40.3 [DEBUG] data received: RELAY_STATUS
13-06-2020 04:05:40.8 [DEBUG] data received: RELAY_STATUS
13-06-2020 04:05:41.3 [DEBUG] data received: RELAY_STATUS
13-06-2020 04:05:41.8 [DEBUG] data received: RELAY_STATUS
13-06-2020 04:05:42.3 [DEBUG] data received: RELAY_STATUS
13-06-2020 04:05:42.6 [DEBUG] zfb9wpm8ehzvu9a0dzmx5pwdagvx2x8 publish on channel /TL_TOGGLE
13-06-2020 04:05:42.6 [DEBUG] zfb9wpm8ehzvu9a0dzmx5pwdagvx2x8 publish on channel /TL_TOGGLE
13-06-2020 04:05:42.6 [DEBUG] zfb9wpm8ehzvu9a0dzmx5pwdagvx2x8 publish on channel /TL_TOGGLE
13-06-2020 04:05:42.6 [DEBUG] zfb9wpm8ehzvu9a0dzmx5pwdagvx2x8 publish on channel /TL_TOGGLE
13-06-2020 04:05:42.6 [DEBUG] 
[
   "F3#R"
]
13-06-2020 04:05:42.6 [DEBUG] 
[
   "F2#O"
]
13-06-2020 04:05:42.6 [DEBUG] 
[
   "F1#R"
]
13-06-2020 04:05:42.6 [DEBUG] 
[
   "F4#O"
]
13-06-2020 04:05:42.6 [INFO] F1#R written
13-06-2020 04:05:42.6 [INFO] F3#R written
13-06-2020 04:05:42.6 [INFO] F2#O written
13-06-2020 04:05:42.6 [INFO] F4#O written
13-06-2020 04:05:43.8 [DEBUG] data received: F1#RF3#RF2#OF4#O
13-06-2020 04:05:43.8 [DEBUG] data received: F1
13-06-2020 04:05:43.8 [DEBUG] data received: R
13-06-2020 04:05:43.8 [DEBUG] data received: RELAY_STATUS
13-06-2020 04:05:44.3 [DEBUG] data received: RELAY_STATUS
13-06-2020 04:05:44.6 [DEBUG] zfb9wpm8ehzvu9a0dzmx5pwdagvx2x8 publish on channel /TL_TOGGLE
13-06-2020 04:05:44.6 [DEBUG] 
[
   "F1#G",
   "F3#G",
   "F2#R",
   "F4#R"
]
13-06-2020 04:05:44.6 [INFO] F1#G written
13-06-2020 04:05:44.6 [INFO] F3#G written
13-06-2020 04:05:44.6 [INFO] F2#R written
13-06-2020 04:05:44.6 [INFO] F4#R written
13-06-2020 04:05:45.8 [DEBUG] data received: F1#GF3#GF2#RF4#R
13-06-2020 04:05:45.8 [DEBUG] data received: F1
13-06-2020 04:05:45.8 [DEBUG] data received: G
13-06-2020 04:05:45.8 [DEBUG] data received: RELAY_STATUS
13-06-2020 04:05:46.3 [DEBUG] data received: RELAY_STATUS
13-06-2020 04:05:46.8 [DEBUG] data received: RELAY_STATUS
13-06-2020 04:05:47.3 [DEBUG] data received: RELAY_STATUS
13-06-2020 04:05:47.8 [DEBUG] data received: RELAY_STATUS
13-06-2020 04:05:48.3 [DEBUG] data received: RELAY_STATUS
13-06-2020 04:05:48.8 [DEBUG] data received: RELAY_STATUS
13-06-2020 04:05:49.3 [DEBUG] data received: RELAY_STATUS
13-06-2020 04:05:49.8 [DEBUG] data received: RELAY_STATUS
13-06-2020 04:05:50.3 [DEBUG] data received: RELAY_STATUS
13-06-2020 04:05:50.8 [DEBUG] data received: RELAY_STATUS
13-06-2020 04:05:51.3 [DEBUG] data received: RELAY_STATUS
13-06-2020 04:05:51.8 [DEBUG] data received: RELAY_STATUS
13-06-2020 04:05:52.3 [DEBUG] data received: RELAY_STATUS
13-06-2020 04:05:52.6 [DEBUG] zfb9wpm8ehzvu9a0dzmx5pwdagvx2x8 publish on channel /TL_TOGGLE
13-06-2020 04:05:52.6 [DEBUG] zfb9wpm8ehzvu9a0dzmx5pwdagvx2x8 publish on channel /TL_TOGGLE
13-06-2020 04:05:52.6 [DEBUG] zfb9wpm8ehzvu9a0dzmx5pwdagvx2x8 publish on channel /TL_TOGGLE
13-06-2020 04:05:52.6 [DEBUG] zfb9wpm8ehzvu9a0dzmx5pwdagvx2x8 publish on channel /TL_TOGGLE
13-06-2020 04:05:52.6 [DEBUG] 
[
   "F1#O"
]
13-06-2020 04:05:52.6 [DEBUG] 
[
   "F3#O"
]
13-06-2020 04:05:52.6 [DEBUG] 
[
   "F2#R"
]
13-06-2020 04:05:52.6 [DEBUG] 
[
   "F4#R"
]
13-06-2020 04:05:52.6 [INFO] F1#O written
13-06-2020 04:05:52.6 [INFO] F3#O written
13-06-2020 04:05:52.6 [INFO] F2#R written
13-06-2020 04:05:52.6 [INFO] F4#R written
13-06-2020 04:05:53.8 [DEBUG] data received: F1#OF3#OF2#RF4#R
13-06-2020 04:05:53.8 [DEBUG] data received: F1
13-06-2020 04:05:53.8 [DEBUG] data received: O
13-06-2020 04:05:53.8 [DEBUG] data received: RELAY_STATUS
13-06-2020 04:05:54.3 [DEBUG] data received: RELAY_STATUS
13-06-2020 04:05:54.6 [DEBUG] zfb9wpm8ehzvu9a0dzmx5pwdagvx2x8 publish on channel /TL_TOGGLE
13-06-2020 04:05:54.6 [DEBUG] 
[
   "F1#R",
   "F3#R",
   "F2#G",
   "F4#G"
]
13-06-2020 04:05:54.6 [INFO] F1#R written
13-06-2020 04:05:54.6 [INFO] F3#R written
13-06-2020 04:05:54.6 [INFO] F2#G written
13-06-2020 04:05:54.6 [INFO] F4#G written
13-06-2020 04:05:55.8 [DEBUG] data received: F1#RF3#RF2#GF4#G
13-06-2020 04:05:55.8 [DEBUG] data received: F1
13-06-2020 04:05:55.8 [DEBUG] data received: R
13-06-2020 04:05:55.8 [DEBUG] data received: RELAY_STATUS
13-06-2020 04:05:56.3 [DEBUG] data received: RELAY_STATUS
13-06-2020 04:05:56.8 [DEBUG] data received: RELAY_STATUS
13-06-2020 04:05:57.3 [DEBUG] data received: RELAY_STATUS
13-06-2020 04:05:57.8 [DEBUG] data received: RELAY_STATUS
13-06-2020 04:05:58.3 [DEBUG] data received: RELAY_STATUS
13-06-2020 04:05:58.8 [DEBUG] data received: RELAY_STATUS
13-06-2020 04:05:59.3 [DEBUG] data received: RELAY_STATUS
13-06-2020 04:05:59.8 [DEBUG] data received: RELAY_STATUS
13-06-2020 04:06:00.3 [DEBUG] data received: RELAY_STATUS
13-06-2020 04:06:00.8 [DEBUG] data received: RELAY_STATUS
13-06-2020 04:06:01.3 [DEBUG] data received: RELAY_STATUS
13-06-2020 04:06:01.8 [DEBUG] data received: RELAY_STATUS
13-06-2020 04:06:02.3 [DEBUG] data received: RELAY_STATUS
13-06-2020 04:06:02.6 [DEBUG] zfb9wpm8ehzvu9a0dzmx5pwdagvx2x8 publish on channel /TL_TOGGLE
13-06-2020 04:06:02.6 [DEBUG] zfb9wpm8ehzvu9a0dzmx5pwdagvx2x8 publish on channel /TL_TOGGLE
13-06-2020 04:06:02.6 [DEBUG] zfb9wpm8ehzvu9a0dzmx5pwdagvx2x8 publish on channel /TL_TOGGLE
13-06-2020 04:06:02.6 [DEBUG] zfb9wpm8ehzvu9a0dzmx5pwdagvx2x8 publish on channel /TL_TOGGLE
13-06-2020 04:06:02.6 [DEBUG] 
[
   "F1#R"
]
13-06-2020 04:06:02.6 [DEBUG] 
[
   "F3#R"
]
13-06-2020 04:06:02.6 [DEBUG] 
[
   "F2#O"
]
13-06-2020 04:06:02.6 [DEBUG] 
[
   "F4#O"
]
13-06-2020 04:06:02.6 [INFO] F1#R written
13-06-2020 04:06:02.6 [INFO] F3#R written
13-06-2020 04:06:02.6 [INFO] F2#O written
13-06-2020 04:06:02.6 [INFO] F4#O written
13-06-2020 04:06:03.8 [DEBUG] data received: F1#RF3#RF2#OF4#O
13-06-2020 04:06:03.8 [DEBUG] data received: F1
13-06-2020 04:06:03.8 [DEBUG] data received: R
13-06-2020 04:06:03.8 [DEBUG] data received: RELAY_STATUS
13-06-2020 04:06:04.3 [DEBUG] data received: RELAY_STATUS
13-06-2020 04:06:04.6 [DEBUG] zfb9wpm8ehzvu9a0dzmx5pwdagvx2x8 publish on channel /TL_TOGGLE
13-06-2020 04:06:04.6 [DEBUG] 
[
   "F1#G",
   "F3#G",
   "F2#R",
   "F4#R"
]
13-06-2020 04:06:04.6 [INFO] F1#G written
13-06-2020 04:06:04.6 [INFO] F3#G written
13-06-2020 04:06:04.6 [INFO] F2#R written
13-06-2020 04:06:04.6 [INFO] F4#R written
13-06-2020 04:06:05.8 [DEBUG] data received: F1#GF3#GF2#RF4#R
13-06-2020 04:06:05.8 [DEBUG] data received: F1
13-06-2020 04:06:05.8 [DEBUG] data received: G
13-06-2020 04:06:05.8 [DEBUG] data received: RELAY_STATUS
13-06-2020 04:06:06.3 [DEBUG] data received: RELAY_STATUS
13-06-2020 04:06:06.8 [DEBUG] data received: RELAY_STATUS
13-06-2020 04:06:07.3 [DEBUG] data received: RELAY_STATUS
13-06-2020 04:06:07.8 [DEBUG] data received: RELAY_STATUS
13-06-2020 04:06:08.3 [DEBUG] data received: RELAY_STATUS
13-06-2020 04:06:08.8 [DEBUG] data received: RELAY_STATUS
13-06-2020 04:06:09.3 [DEBUG] data received: RELAY_STATUS
13-06-2020 04:06:09.8 [DEBUG] data received: RELAY_STATUS
13-06-2020 04:06:10.3 [DEBUG] data received: RELAY_STATUS
13-06-2020 04:06:10.8 [DEBUG] data received: RELAY_STATUS
13-06-2020 04:06:11.3 [DEBUG] data received: RELAY_STATUS
13-06-2020 04:06:11.8 [DEBUG] data received: RELAY_STATUS
13-06-2020 04:06:12.3 [DEBUG] data received: RELAY_STATUS
13-06-2020 04:06:12.6 [DEBUG] zfb9wpm8ehzvu9a0dzmx5pwdagvx2x8 publish on channel /TL_TOGGLE
13-06-2020 04:06:12.6 [DEBUG] zfb9wpm8ehzvu9a0dzmx5pwdagvx2x8 publish on channel /TL_TOGGLE
13-06-2020 04:06:12.6 [DEBUG] zfb9wpm8ehzvu9a0dzmx5pwdagvx2x8 publish on channel /TL_TOGGLE
13-06-2020 04:06:12.6 [DEBUG] zfb9wpm8ehzvu9a0dzmx5pwdagvx2x8 publish on channel /TL_TOGGLE
13-06-2020 04:06:12.6 [DEBUG] 
[
   "F1#O"
]
13-06-2020 04:06:12.6 [DEBUG] 
[
   "F3#O"
]
13-06-2020 04:06:12.6 [DEBUG] 
[
   "F2#R"
]
13-06-2020 04:06:12.6 [DEBUG] 
[
   "F4#R"
]
13-06-2020 04:06:12.6 [INFO] F1#O written
13-06-2020 04:06:12.6 [INFO] F3#O written
13-06-2020 04:06:12.6 [INFO] F2#R written
13-06-2020 04:06:12.6 [INFO] F4#R written
13-06-2020 04:06:13.8 [DEBUG] data received: F1#OF3#OF2#RF4#R
13-06-2020 04:06:13.8 [DEBUG] data received: F1
13-06-2020 04:06:13.8 [DEBUG] data received: O
13-06-2020 04:06:13.8 [DEBUG] data received: RELAY_STATUS
13-06-2020 04:06:14.3 [DEBUG] data received: RELAY_STATUS
13-06-2020 04:06:14.6 [DEBUG] zfb9wpm8ehzvu9a0dzmx5pwdagvx2x8 publish on channel /TL_TOGGLE
13-06-2020 04:06:14.6 [DEBUG] 
[
   "F1#R",
   "F3#R",
   "F2#G",
   "F4#G"
]
13-06-2020 04:06:14.6 [INFO] F1#R written
13-06-2020 04:06:14.6 [INFO] F3#R written
13-06-2020 04:06:14.6 [INFO] F2#G written
13-06-2020 04:06:14.6 [INFO] F4#G written
13-06-2020 04:06:15.8 [DEBUG] data received: F1#RF3#RF2#GF4#G
13-06-2020 04:06:15.8 [DEBUG] data received: F1
13-06-2020 04:06:15.8 [DEBUG] data received: R
13-06-2020 04:06:15.8 [DEBUG] data received: RELAY_STATUS
13-06-2020 04:06:16.3 [DEBUG] data received: RELAY_STATUS
13-06-2020 04:06:16.8 [DEBUG] data received: RELAY_STATUS
13-06-2020 04:06:17.3 [DEBUG] data received: RELAY_STATUS
13-06-2020 04:06:17.8 [DEBUG] data received: RELAY_STATUS
13-06-2020 04:06:18.3 [DEBUG] data received: RELAY_STATUS
13-06-2020 04:06:18.8 [DEBUG] data received: RELAY_STATUS
13-06-2020 04:06:19.3 [DEBUG] data received: RELAY_STATUS
13-06-2020 04:06:19.8 [DEBUG] data received: RELAY_STATUS
13-06-2020 04:06:20.3 [DEBUG] data received: RELAY_STATUS
13-06-2020 04:06:20.8 [DEBUG] data received: RELAY_STATUS
13-06-2020 04:06:21.3 [DEBUG] data received: RELAY_STATUS
13-06-2020 04:06:21.8 [DEBUG] data received: RELAY_STATUS
13-06-2020 04:06:22.3 [DEBUG] data received: RELAY_STATUS
13-06-2020 04:06:22.6 [DEBUG] zfb9wpm8ehzvu9a0dzmx5pwdagvx2x8 publish on channel /TL_TOGGLE
13-06-2020 04:06:22.6 [DEBUG] zfb9wpm8ehzvu9a0dzmx5pwdagvx2x8 publish on channel /TL_TOGGLE
13-06-2020 04:06:22.7 [DEBUG] zfb9wpm8ehzvu9a0dzmx5pwdagvx2x8 publish on channel /TL_TOGGLE
13-06-2020 04:06:22.7 [DEBUG] zfb9wpm8ehzvu9a0dzmx5pwdagvx2x8 publish on channel /TL_TOGGLE
13-06-2020 04:06:22.7 [DEBUG] 
[
   "F1#R"
]
13-06-2020 04:06:22.7 [DEBUG] 
[
   "F3#R"
]
13-06-2020 04:06:22.7 [DEBUG] 
[
   "F2#O"
]
13-06-2020 04:06:22.7 [DEBUG] 
[
   "F4#O"
]
13-06-2020 04:06:22.7 [INFO] F1#R written
13-06-2020 04:06:22.7 [INFO] F3#R written
13-06-2020 04:06:22.7 [INFO] F2#O written
13-06-2020 04:06:22.7 [INFO] F4#O written
13-06-2020 04:06:23.8 [DEBUG] data received: F1#RF3#RF2#OF4#O
13-06-2020 04:06:23.8 [DEBUG] data received: F1
13-06-2020 04:06:23.8 [DEBUG] data received: R
13-06-2020 04:06:23.8 [DEBUG] data received: RELAY_STATUS
13-06-2020 04:06:24.3 [DEBUG] data received: RELAY_STATUS
13-06-2020 04:06:24.6 [DEBUG] zfb9wpm8ehzvu9a0dzmx5pwdagvx2x8 publish on channel /TL_TOGGLE
13-06-2020 04:06:24.6 [DEBUG] 
[
   "F1#G",
   "F3#G",
   "F2#R",
   "F4#R"
]
13-06-2020 04:06:24.6 [INFO] F1#G written
13-06-2020 04:06:24.6 [INFO] F3#G written
13-06-2020 04:06:24.6 [INFO] F2#R written
13-06-2020 04:06:24.6 [INFO] F4#R written
13-06-2020 04:06:25.8 [DEBUG] data received: F1#GF3#GF2#RF4#R
13-06-2020 04:06:25.8 [DEBUG] data received: F1
13-06-2020 04:06:25.8 [DEBUG] data received: G
13-06-2020 04:06:25.8 [DEBUG] data received: RELAY_STATUS
13-06-2020 04:06:26.3 [DEBUG] data received: RELAY_STATUS
13-06-2020 04:06:26.8 [DEBUG] data received: RELAY_STATUS
13-06-2020 04:06:27.3 [DEBUG] data received: RELAY_STATUS
13-06-2020 04:06:27.8 [DEBUG] data received: RELAY_STATUS
13-06-2020 04:06:28.3 [DEBUG] data received: RELAY_STATUS
13-06-2020 04:06:28.8 [DEBUG] data received: RELAY_STATUS
13-06-2020 04:06:29.3 [DEBUG] data received: RELAY_STATUS
13-06-2020 04:06:29.8 [DEBUG] data received: RELAY_STATUS
13-06-2020 04:06:30.3 [DEBUG] data received: RELAY_STATUS
13-06-2020 04:06:30.8 [DEBUG] data received: RELAY_STATUS
13-06-2020 04:06:31.3 [DEBUG] data received: RELAY_STATUS
13-06-2020 04:06:31.8 [DEBUG] data received: RELAY_STATUS
13-06-2020 04:06:32.3 [DEBUG] data received: RELAY_STATUS
13-06-2020 04:06:32.6 [DEBUG] zfb9wpm8ehzvu9a0dzmx5pwdagvx2x8 publish on channel /TL_TOGGLE
13-06-2020 04:06:32.6 [DEBUG] zfb9wpm8ehzvu9a0dzmx5pwdagvx2x8 publish on channel /TL_TOGGLE
13-06-2020 04:06:32.6 [DEBUG] zfb9wpm8ehzvu9a0dzmx5pwdagvx2x8 publish on channel /TL_TOGGLE
13-06-2020 04:06:32.6 [DEBUG] zfb9wpm8ehzvu9a0dzmx5pwdagvx2x8 publish on channel /TL_TOGGLE
13-06-2020 04:06:32.6 [DEBUG] 
[
   "F1#O"
]
13-06-2020 04:06:32.6 [DEBUG] 
[
   "F3#O"
]
13-06-2020 04:06:32.6 [DEBUG] 
[
   "F2#R"
]
13-06-2020 04:06:32.6 [DEBUG] 
[
   "F4#R"
]
13-06-2020 04:06:32.6 [INFO] F1#O written
13-06-2020 04:06:32.6 [INFO] F3#O written
13-06-2020 04:06:32.6 [INFO] F2#R written
13-06-2020 04:06:32.6 [INFO] F4#R written
13-06-2020 04:06:33.8 [DEBUG] data received: F1#OF3#OF2#RF4#R
13-06-2020 04:06:33.8 [DEBUG] data received: F1
13-06-2020 04:06:33.8 [DEBUG] data received: O
13-06-2020 04:06:33.8 [DEBUG] data received: RELAY_STATUS
13-06-2020 04:06:34.3 [DEBUG] data received: RELAY_STATUS
13-06-2020 04:06:34.6 [DEBUG] zfb9wpm8ehzvu9a0dzmx5pwdagvx2x8 publish on channel /TL_TOGGLE
13-06-2020 04:06:34.6 [DEBUG] 
[
   "F1#R",
   "F3#R",
   "F2#G",
   "F4#G"
]
13-06-2020 04:06:34.6 [INFO] F1#R written
13-06-2020 04:06:34.6 [INFO] F3#R written
13-06-2020 04:06:34.6 [INFO] F2#G written
13-06-2020 04:06:34.6 [INFO] F4#G written
13-06-2020 04:06:35.8 [DEBUG] data received: F1#RF3#RF2#GF4#G
13-06-2020 04:06:35.8 [DEBUG] data received: F1
13-06-2020 04:06:35.8 [DEBUG] data received: R
13-06-2020 04:06:35.8 [DEBUG] data received: RELAY_STATUS
13-06-2020 04:06:36.3 [DEBUG] data received: RELAY_STATUS
13-06-2020 04:06:36.8 [DEBUG] data received: RELAY_STATUS
13-06-2020 04:06:37.3 [DEBUG] data received: RELAY_STATUS
13-06-2020 04:06:37.8 [DEBUG] data received: RELAY_STATUS
13-06-2020 04:06:38.3 [DEBUG] data received: RELAY_STATUS
13-06-2020 04:06:38.8 [DEBUG] data received: RELAY_STATUS
13-06-2020 04:06:39.3 [DEBUG] data received: RELAY_STATUS
13-06-2020 04:06:39.8 [DEBUG] data received: RELAY_STATUS
13-06-2020 04:06:40.3 [DEBUG] data received: RELAY_STATUS
13-06-2020 04:06:40.8 [DEBUG] data received: RELAY_STATUS
13-06-2020 04:06:41.3 [DEBUG] data received: RELAY_STATUS
13-06-2020 04:06:41.8 [DEBUG] data received: RELAY_STATUS
13-06-2020 04:06:42.3 [DEBUG] data received: RELAY_STATUS
13-06-2020 04:06:42.6 [DEBUG] zfb9wpm8ehzvu9a0dzmx5pwdagvx2x8 publish on channel /TL_TOGGLE
13-06-2020 04:06:42.6 [DEBUG] zfb9wpm8ehzvu9a0dzmx5pwdagvx2x8 publish on channel /TL_TOGGLE
13-06-2020 04:06:42.6 [DEBUG] zfb9wpm8ehzvu9a0dzmx5pwdagvx2x8 publish on channel /TL_TOGGLE
13-06-2020 04:06:42.6 [DEBUG] zfb9wpm8ehzvu9a0dzmx5pwdagvx2x8 publish on channel /TL_TOGGLE
13-06-2020 04:06:42.6 [DEBUG] 
[
   "F1#R"
]
13-06-2020 04:06:42.6 [DEBUG] 
[
   "F3#R"
]
13-06-2020 04:06:42.6 [DEBUG] 
[
   "F2#O"
]
13-06-2020 04:06:42.6 [DEBUG] 
[
   "F4#O"
]
13-06-2020 04:06:42.6 [INFO] F1#R written
13-06-2020 04:06:42.6 [INFO] F3#R written
13-06-2020 04:06:42.6 [INFO] F2#O written
13-06-2020 04:06:42.6 [INFO] F4#O written
13-06-2020 04:06:43.8 [DEBUG] data received: F1#RF3#RF2#OF4#O
13-06-2020 04:06:43.8 [DEBUG] data received: F1
13-06-2020 04:06:43.8 [DEBUG] data received: R
13-06-2020 04:06:43.8 [DEBUG] data received: RELAY_STATUS
13-06-2020 04:06:44.3 [DEBUG] data received: RELAY_STATUS
13-06-2020 04:06:44.6 [DEBUG] zfb9wpm8ehzvu9a0dzmx5pwdagvx2x8 publish on channel /TL_TOGGLE
13-06-2020 04:06:44.6 [DEBUG] 
[
   "F1#G",
   "F3#G",
   "F2#R",
   "F4#R"
]
13-06-2020 04:06:44.6 [INFO] F1#G written
13-06-2020 04:06:44.6 [INFO] F2#R written
13-06-2020 04:06:44.6 [INFO] F3#G written
13-06-2020 04:06:44.6 [INFO] F4#R written
13-06-2020 04:06:45.8 [DEBUG] data received: F1#GF3#GF2#RF4#R
13-06-2020 04:06:45.8 [DEBUG] data received: F1
13-06-2020 04:06:45.8 [DEBUG] data received: G
13-06-2020 04:06:45.8 [DEBUG] data received: RELAY_STATUS
13-06-2020 04:06:46.3 [DEBUG] data received: RELAY_STATUS
13-06-2020 04:06:46.8 [DEBUG] data received: RELAY_STATUS
13-06-2020 04:06:47.3 [DEBUG] data received: RELAY_STATUS
13-06-2020 04:06:47.8 [DEBUG] data received: RELAY_STATUS
13-06-2020 04:06:48.3 [DEBUG] data received: RELAY_STATUS
13-06-2020 04:06:48.8 [DEBUG] data received: RELAY_STATUS
13-06-2020 04:06:49.3 [DEBUG] data received: RELAY_STATUS
13-06-2020 04:06:49.8 [DEBUG] data received: RELAY_STATUS
13-06-2020 04:06:50.3 [DEBUG] data received: RELAY_STATUS
13-06-2020 04:06:50.8 [DEBUG] data received: RELAY_STATUS
13-06-2020 04:06:51.3 [DEBUG] data received: RELAY_STATUS
13-06-2020 04:06:51.8 [DEBUG] data received: RELAY_STATUS
13-06-2020 04:06:52.3 [DEBUG] data received: RELAY_STATUS
13-06-2020 04:06:52.6 [DEBUG] zfb9wpm8ehzvu9a0dzmx5pwdagvx2x8 publish on channel /TL_TOGGLE
13-06-2020 04:06:52.6 [DEBUG] zfb9wpm8ehzvu9a0dzmx5pwdagvx2x8 publish on channel /TL_TOGGLE
13-06-2020 04:06:52.6 [DEBUG] 
[
   "F1#O"
]
13-06-2020 04:06:52.6 [DEBUG] zfb9wpm8ehzvu9a0dzmx5pwdagvx2x8 publish on channel /TL_TOGGLE
13-06-2020 04:06:52.6 [DEBUG] zfb9wpm8ehzvu9a0dzmx5pwdagvx2x8 publish on channel /TL_TOGGLE
13-06-2020 04:06:52.6 [DEBUG] 
[
   "F4#R"
]
13-06-2020 04:06:52.6 [DEBUG] 
[
   "F2#R"
]
13-06-2020 04:06:52.6 [DEBUG] 
[
   "F3#O"
]
13-06-2020 04:06:52.6 [INFO] F1#O written
13-06-2020 04:06:52.6 [INFO] F3#O written
13-06-2020 04:06:52.6 [INFO] F2#R written
13-06-2020 04:06:52.6 [INFO] F4#R written
13-06-2020 04:06:53.8 [DEBUG] data received: F1#OF3#OF2#RF4#R
13-06-2020 04:06:53.8 [DEBUG] data received: F1
13-06-2020 04:06:53.8 [DEBUG] data received: O
13-06-2020 04:06:53.8 [DEBUG] data received: RELAY_STATUS
13-06-2020 04:06:54.3 [DEBUG] data received: RELAY_STATUS
13-06-2020 04:06:54.6 [DEBUG] zfb9wpm8ehzvu9a0dzmx5pwdagvx2x8 publish on channel /TL_TOGGLE
13-06-2020 04:06:54.6 [DEBUG] 
[
   "F1#R",
   "F3#R",
   "F2#G",
   "F4#G"
]
13-06-2020 04:06:54.6 [INFO] F1#R written
13-06-2020 04:06:54.6 [INFO] F3#R written
13-06-2020 04:06:54.6 [INFO] F2#G written
13-06-2020 04:06:54.6 [INFO] F4#G written
13-06-2020 04:06:55.8 [DEBUG] data received: F1#RF3#RF2#GF4#G
13-06-2020 04:06:55.8 [DEBUG] data received: F1
13-06-2020 04:06:55.8 [DEBUG] data received: R
13-06-2020 04:06:55.8 [DEBUG] data received: RELAY_STATUS
13-06-2020 04:06:56.3 [DEBUG] data received: RELAY_STATUS
13-06-2020 04:06:56.8 [DEBUG] data received: RELAY_STATUS
13-06-2020 04:06:57.3 [DEBUG] data received: RELAY_STATUS
13-06-2020 04:06:57.8 [DEBUG] data received: RELAY_STATUS
13-06-2020 04:06:58.3 [DEBUG] data received: RELAY_STATUS
13-06-2020 04:06:58.8 [DEBUG] data received: RELAY_STATUS
13-06-2020 04:06:59.3 [DEBUG] data received: RELAY_STATUS
13-06-2020 04:06:59.8 [DEBUG] data received: RELAY_STATUS
13-06-2020 04:07:00.3 [DEBUG] data received: RELAY_STATUS
13-06-2020 04:07:00.8 [DEBUG] data received: RELAY_STATUS
13-06-2020 04:07:01.3 [DEBUG] data received: RELAY_STATUS
13-06-2020 04:07:01.8 [DEBUG] data received: RELAY_STATUS
13-06-2020 04:07:02.3 [DEBUG] data received: RELAY_STATUS
13-06-2020 04:07:02.6 [DEBUG] zfb9wpm8ehzvu9a0dzmx5pwdagvx2x8 publish on channel /TL_TOGGLE
13-06-2020 04:07:02.6 [DEBUG] zfb9wpm8ehzvu9a0dzmx5pwdagvx2x8 publish on channel /TL_TOGGLE
13-06-2020 04:07:02.6 [DEBUG] zfb9wpm8ehzvu9a0dzmx5pwdagvx2x8 publish on channel /TL_TOGGLE
13-06-2020 04:07:02.6 [DEBUG] zfb9wpm8ehzvu9a0dzmx5pwdagvx2x8 publish on channel /TL_TOGGLE
13-06-2020 04:07:02.6 [DEBUG] 
[
   "F1#R"
]
13-06-2020 04:07:02.6 [DEBUG] 
[
   "F3#R"
]
13-06-2020 04:07:02.6 [DEBUG] 
[
   "F2#O"
]
13-06-2020 04:07:02.6 [DEBUG] 
[
   "F4#O"
]
13-06-2020 04:07:02.6 [INFO] F1#R written
13-06-2020 04:07:02.6 [INFO] F3#R written
13-06-2020 04:07:02.6 [INFO] F2#O written
13-06-2020 04:07:02.6 [INFO] F4#O written
13-06-2020 04:07:03.8 [DEBUG] data received: F1#RF3#RF2#OF4#O
13-06-2020 04:07:03.8 [DEBUG] data received: F1
13-06-2020 04:07:03.8 [DEBUG] data received: R
13-06-2020 04:07:03.8 [DEBUG] data received: RELAY_STATUS
13-06-2020 04:07:04.3 [DEBUG] data received: RELAY_STATUS
13-06-2020 04:07:04.6 [DEBUG] zfb9wpm8ehzvu9a0dzmx5pwdagvx2x8 publish on channel /TL_TOGGLE
13-06-2020 04:07:04.6 [DEBUG] 
[
   "F1#G",
   "F3#G",
   "F2#R",
   "F4#R"
]
13-06-2020 04:07:04.6 [INFO] F1#G written
13-06-2020 04:07:04.6 [INFO] F3#G written
13-06-2020 04:07:04.6 [INFO] F2#R written
13-06-2020 04:07:04.6 [INFO] F4#R written
13-06-2020 04:07:05.8 [DEBUG] data received: F1#GF3#GF2#RF4#R
13-06-2020 04:07:05.8 [DEBUG] data received: F1
13-06-2020 04:07:05.8 [DEBUG] data received: G
13-06-2020 04:07:05.8 [DEBUG] data received: RELAY_STATUS
13-06-2020 04:07:06.3 [DEBUG] data received: RELAY_STATUS
13-06-2020 04:07:06.7 [DEBUG] data received: RELAY_STATUS
13-06-2020 04:07:07.2 [DEBUG] data received: RELAY_STATUS
13-06-2020 04:07:07.7 [DEBUG] data received: RELAY_STATUS
13-06-2020 04:07:08.2 [DEBUG] data received: RELAY_STATUS
13-06-2020 04:07:08.7 [DEBUG] data received: RELAY_STATUS
13-06-2020 04:07:09.2 [DEBUG] data received: RELAY_STATUS
13-06-2020 04:07:09.7 [DEBUG] data received: RELAY_STATUS
13-06-2020 04:07:10.2 [DEBUG] data received: RELAY_STATUS
13-06-2020 04:07:10.7 [DEBUG] data received: RELAY_STATUS
13-06-2020 04:07:11.2 [DEBUG] data received: RELAY_STATUS
13-06-2020 04:07:11.7 [DEBUG] data received: RELAY_STATUS
13-06-2020 04:07:12.2 [DEBUG] data received: RELAY_STATUS
13-06-2020 04:07:12.6 [DEBUG] zfb9wpm8ehzvu9a0dzmx5pwdagvx2x8 publish on channel /TL_TOGGLE
13-06-2020 04:07:12.6 [DEBUG] zfb9wpm8ehzvu9a0dzmx5pwdagvx2x8 publish on channel /TL_TOGGLE
13-06-2020 04:07:12.6 [DEBUG] zfb9wpm8ehzvu9a0dzmx5pwdagvx2x8 publish on channel /TL_TOGGLE
13-06-2020 04:07:12.6 [DEBUG] zfb9wpm8ehzvu9a0dzmx5pwdagvx2x8 publish on channel /TL_TOGGLE
13-06-2020 04:07:12.6 [DEBUG] 
[
   "F1#O"
]
13-06-2020 04:07:12.6 [DEBUG] 
[
   "F3#O"
]
13-06-2020 04:07:12.6 [DEBUG] 
[
   "F2#R"
]
13-06-2020 04:07:12.6 [DEBUG] 
[
   "F4#R"
]
13-06-2020 04:07:12.6 [INFO] F1#O written
13-06-2020 04:07:12.6 [INFO] F3#O written
13-06-2020 04:07:12.6 [INFO] F2#R written
13-06-2020 04:07:12.6 [INFO] F4#R written
13-06-2020 04:07:13.8 [DEBUG] data received: F1#OF3#OF2#RF4#R
13-06-2020 04:07:13.8 [DEBUG] data received: F1
13-06-2020 04:07:13.8 [DEBUG] data received: O
13-06-2020 04:07:13.8 [DEBUG] data received: RELAY_STATUS
13-06-2020 04:07:14.2 [DEBUG] data received: RELAY_STATUS
13-06-2020 04:07:14.6 [DEBUG] zfb9wpm8ehzvu9a0dzmx5pwdagvx2x8 publish on channel /TL_TOGGLE
13-06-2020 04:07:14.6 [DEBUG] 
[
   "F1#R",
   "F3#R",
   "F2#G",
   "F4#G"
]
13-06-2020 04:07:14.6 [INFO] F1#R written
13-06-2020 04:07:14.6 [INFO] F3#R written
13-06-2020 04:07:14.6 [INFO] F2#G written
13-06-2020 04:07:14.6 [INFO] F4#G written
13-06-2020 04:07:15.7 [DEBUG] data received: F1#RF3#RF2#GF4#G
13-06-2020 04:07:15.8 [DEBUG] data received: F1
13-06-2020 04:07:15.8 [DEBUG] data received: R
13-06-2020 04:07:15.8 [DEBUG] data received: RELAY_STATUS
13-06-2020 04:07:16.2 [DEBUG] data received: RELAY_STATUS
13-06-2020 04:07:16.7 [DEBUG] data received: RELAY_STATUS
13-06-2020 04:07:17.2 [DEBUG] data received: RELAY_STATUS
13-06-2020 04:07:17.7 [DEBUG] data received: RELAY_STATUS
13-06-2020 04:07:18.2 [DEBUG] data received: RELAY_STATUS
13-06-2020 04:07:18.7 [DEBUG] data received: RELAY_STATUS
13-06-2020 04:07:19.2 [DEBUG] data received: RELAY_STATUS
13-06-2020 04:07:19.7 [DEBUG] data received: RELAY_STATUS
13-06-2020 04:07:20.2 [DEBUG] data received: RELAY_STATUS
13-06-2020 04:07:20.7 [DEBUG] data received: RELAY_STATUS
13-06-2020 04:07:21.2 [DEBUG] data received: RELAY_STATUS
13-06-2020 04:07:21.7 [DEBUG] data received: RELAY_STATUS
13-06-2020 04:07:22.2 [DEBUG] data received: RELAY_STATUS
13-06-2020 04:07:22.6 [DEBUG] zfb9wpm8ehzvu9a0dzmx5pwdagvx2x8 publish on channel /TL_TOGGLE
13-06-2020 04:07:22.6 [DEBUG] zfb9wpm8ehzvu9a0dzmx5pwdagvx2x8 publish on channel /TL_TOGGLE
13-06-2020 04:07:22.6 [DEBUG] zfb9wpm8ehzvu9a0dzmx5pwdagvx2x8 publish on channel /TL_TOGGLE
13-06-2020 04:07:22.6 [DEBUG] zfb9wpm8ehzvu9a0dzmx5pwdagvx2x8 publish on channel /TL_TOGGLE
13-06-2020 04:07:22.6 [DEBUG] 
[
   "F1#R"
]
13-06-2020 04:07:22.6 [DEBUG] 
[
   "F2#O"
]
13-06-2020 04:07:22.6 [DEBUG] 
[
   "F3#R"
]
13-06-2020 04:07:22.6 [DEBUG] 
[
   "F4#O"
]
13-06-2020 04:07:22.6 [INFO] F1#R written
13-06-2020 04:07:22.6 [INFO] F3#R written
13-06-2020 04:07:22.6 [INFO] F2#O written
13-06-2020 04:07:22.6 [INFO] F4#O written
13-06-2020 04:07:23.7 [DEBUG] data received: F1#RF3#RF2#OF4#O
13-06-2020 04:07:23.7 [DEBUG] data received: F1
13-06-2020 04:07:23.8 [DEBUG] data received: R
13-06-2020 04:07:23.8 [DEBUG] data received: RELAY_STATUS
13-06-2020 04:07:24.2 [DEBUG] data received: RELAY_STATUS
13-06-2020 04:07:24.6 [DEBUG] zfb9wpm8ehzvu9a0dzmx5pwdagvx2x8 publish on channel /TL_TOGGLE
13-06-2020 04:07:24.6 [DEBUG] 
[
   "F1#G",
   "F3#G",
   "F2#R",
   "F4#R"
]
13-06-2020 04:07:24.6 [INFO] F1#G written
13-06-2020 04:07:24.6 [INFO] F3#G written
13-06-2020 04:07:24.6 [INFO] F2#R written
13-06-2020 04:07:24.6 [INFO] F4#R written
13-06-2020 04:07:25.7 [DEBUG] data received: F1#GF3#GF2#RF4#R
13-06-2020 04:07:25.7 [DEBUG] data received: F1
13-06-2020 04:07:25.7 [DEBUG] data received: G
13-06-2020 04:07:25.8 [DEBUG] data received: RELAY_STATUS
13-06-2020 04:07:26.2 [DEBUG] data received: RELAY_STATUS
13-06-2020 04:07:26.7 [DEBUG] data received: RELAY_STATUS
13-06-2020 04:07:27.2 [DEBUG] data received: RELAY_STATUS
13-06-2020 04:07:27.7 [DEBUG] data received: RELAY_STATUS
13-06-2020 04:07:28.2 [DEBUG] data received: RELAY_STATUS
13-06-2020 04:07:28.7 [DEBUG] data received: RELAY_STATUS
13-06-2020 04:07:29.2 [DEBUG] data received: RELAY_STATUS
13-06-2020 04:07:29.7 [DEBUG] data received: RELAY_STATUS
13-06-2020 04:07:30.2 [DEBUG] data received: RELAY_STATUS
13-06-2020 04:07:30.7 [DEBUG] data received: RELAY_STATUS
13-06-2020 04:07:31.2 [DEBUG] data received: RELAY_STATUS
13-06-2020 04:07:31.7 [DEBUG] data received: RELAY_STATUS
13-06-2020 04:07:32.2 [DEBUG] data received: RELAY_STATUS
13-06-2020 04:07:32.6 [DEBUG] zfb9wpm8ehzvu9a0dzmx5pwdagvx2x8 publish on channel /TL_TOGGLE
13-06-2020 04:07:32.6 [DEBUG] zfb9wpm8ehzvu9a0dzmx5pwdagvx2x8 publish on channel /TL_TOGGLE
13-06-2020 04:07:32.6 [DEBUG] zfb9wpm8ehzvu9a0dzmx5pwdagvx2x8 publish on channel /TL_TOGGLE
13-06-2020 04:07:32.6 [DEBUG] zfb9wpm8ehzvu9a0dzmx5pwdagvx2x8 publish on channel /TL_TOGGLE
13-06-2020 04:07:32.6 [DEBUG] 
[
   "F1#O"
]
13-06-2020 04:07:32.6 [DEBUG] 
[
   "F3#O"
]
13-06-2020 04:07:32.6 [DEBUG] 
[
   "F2#R"
]
13-06-2020 04:07:32.6 [DEBUG] 
[
   "F4#R"
]
13-06-2020 04:07:32.6 [INFO] F1#O written
13-06-2020 04:07:32.6 [INFO] F3#O written
13-06-2020 04:07:32.6 [INFO] F2#R written
13-06-2020 04:07:32.6 [INFO] F4#R written
13-06-2020 04:07:33.7 [DEBUG] data received: F1#OF3#OF2#RF4#R
13-06-2020 04:07:33.7 [DEBUG] data received: F1
13-06-2020 04:07:33.7 [DEBUG] data received: O
13-06-2020 04:07:33.8 [DEBUG] data received: RELAY_STATUS
13-06-2020 04:07:34.2 [DEBUG] data received: RELAY_STATUS
13-06-2020 04:07:34.6 [DEBUG] zfb9wpm8ehzvu9a0dzmx5pwdagvx2x8 publish on channel /TL_TOGGLE
13-06-2020 04:07:34.6 [DEBUG] 
[
   "F1#R",
   "F3#R",
   "F2#G",
   "F4#G"
]
13-06-2020 04:07:34.6 [INFO] F1#R written
13-06-2020 04:07:34.6 [INFO] F2#G written
13-06-2020 04:07:34.6 [INFO] F3#R written
13-06-2020 04:07:34.6 [INFO] F4#G written
13-06-2020 04:07:35.7 [DEBUG] data received: F1#RF3#RF2#GF4#G
13-06-2020 04:07:35.7 [DEBUG] data received: F1
13-06-2020 04:07:35.8 [DEBUG] data received: R
13-06-2020 04:07:35.8 [DEBUG] data received: RELAY_STATUS
13-06-2020 04:07:36.2 [DEBUG] data received: RELAY_STATUS
13-06-2020 04:07:36.7 [DEBUG] data received: RELAY_STATUS
13-06-2020 04:07:37.2 [DEBUG] data received: RELAY_STATUS
13-06-2020 04:07:37.7 [DEBUG] data received: RELAY_STATUS
13-06-2020 04:07:38.2 [DEBUG] data received: RELAY_STATUS
13-06-2020 04:07:38.7 [DEBUG] data received: RELAY_STATUS
13-06-2020 04:07:39.2 [DEBUG] data received: RELAY_STATUS
13-06-2020 04:07:39.7 [DEBUG] data received: RELAY_STATUS
13-06-2020 04:07:40.2 [DEBUG] data received: RELAY_STATUS
13-06-2020 04:07:40.7 [DEBUG] data received: RELAY_STATUS
13-06-2020 04:07:41.2 [DEBUG] data received: RELAY_STATUS
13-06-2020 04:07:41.7 [DEBUG] data received: RELAY_STATUS
13-06-2020 04:07:42.2 [DEBUG] data received: RELAY_STATUS
13-06-2020 04:07:42.6 [DEBUG] zfb9wpm8ehzvu9a0dzmx5pwdagvx2x8 publish on channel /TL_TOGGLE
13-06-2020 04:07:42.6 [DEBUG] zfb9wpm8ehzvu9a0dzmx5pwdagvx2x8 publish on channel /TL_TOGGLE
13-06-2020 04:07:42.6 [DEBUG] zfb9wpm8ehzvu9a0dzmx5pwdagvx2x8 publish on channel /TL_TOGGLE
13-06-2020 04:07:42.6 [DEBUG] zfb9wpm8ehzvu9a0dzmx5pwdagvx2x8 publish on channel /TL_TOGGLE
13-06-2020 04:07:42.6 [DEBUG] 
[
   "F1#R"
]
13-06-2020 04:07:42.6 [DEBUG] 
[
   "F3#R"
]
13-06-2020 04:07:42.6 [DEBUG] 
[
   "F2#O"
]
13-06-2020 04:07:42.6 [DEBUG] 
[
   "F4#O"
]
13-06-2020 04:07:42.6 [INFO] F1#R written
13-06-2020 04:07:42.6 [INFO] F2#O written
13-06-2020 04:07:42.6 [INFO] F3#R written
13-06-2020 04:07:42.6 [INFO] F4#O written
13-06-2020 04:07:44.6 [DEBUG] zfb9wpm8ehzvu9a0dzmx5pwdagvx2x8 publish on channel /TL_TOGGLE
13-06-2020 04:07:44.6 [DEBUG] 
[
   "F1#G",
   "F3#G",
   "F2#R",
   "F4#R"
]
13-06-2020 04:07:52.6 [DEBUG] zfb9wpm8ehzvu9a0dzmx5pwdagvx2x8 publish on channel /TL_TOGGLE
13-06-2020 04:07:52.6 [DEBUG] zfb9wpm8ehzvu9a0dzmx5pwdagvx2x8 publish on channel /TL_TOGGLE
13-06-2020 04:07:52.6 [DEBUG] zfb9wpm8ehzvu9a0dzmx5pwdagvx2x8 publish on channel /TL_TOGGLE
13-06-2020 04:07:52.6 [DEBUG] zfb9wpm8ehzvu9a0dzmx5pwdagvx2x8 publish on channel /TL_TOGGLE
13-06-2020 04:07:52.6 [DEBUG] 
[
   "F1#O"
]
13-06-2020 04:07:52.6 [DEBUG] 
[
   "F3#O"
]
13-06-2020 04:07:52.6 [DEBUG] 
[
   "F2#R"
]
13-06-2020 04:07:52.6 [DEBUG] 
[
   "F4#R"
]
13-06-2020 04:07:54.6 [DEBUG] zfb9wpm8ehzvu9a0dzmx5pwdagvx2x8 publish on channel /TL_TOGGLE
13-06-2020 04:07:54.6 [DEBUG] 
[
   "F1#R",
   "F3#R",
   "F2#G",
   "F4#G"
]
13-06-2020 04:08:02.6 [DEBUG] zfb9wpm8ehzvu9a0dzmx5pwdagvx2x8 publish on channel /TL_TOGGLE
13-06-2020 04:08:02.6 [DEBUG] zfb9wpm8ehzvu9a0dzmx5pwdagvx2x8 publish on channel /TL_TOGGLE
13-06-2020 04:08:02.6 [DEBUG] zfb9wpm8ehzvu9a0dzmx5pwdagvx2x8 publish on channel /TL_TOGGLE
13-06-2020 04:08:02.6 [DEBUG] zfb9wpm8ehzvu9a0dzmx5pwdagvx2x8 publish on channel /TL_TOGGLE
13-06-2020 04:08:02.6 [DEBUG] 
[
   "F1#R"
]
13-06-2020 04:08:02.6 [DEBUG] 
[
   "F3#R"
]
13-06-2020 04:08:02.6 [DEBUG] 
[
   "F2#O"
]
13-06-2020 04:08:02.6 [DEBUG] 
[
   "F4#O"
]
13-06-2020 04:08:04.6 [DEBUG] zfb9wpm8ehzvu9a0dzmx5pwdagvx2x8 publish on channel /TL_TOGGLE
13-06-2020 04:08:04.6 [DEBUG] 
[
   "F1#G",
   "F3#G",
   "F2#R",
   "F4#R"
]
13-06-2020 04:08:12.6 [DEBUG] zfb9wpm8ehzvu9a0dzmx5pwdagvx2x8 publish on channel /TL_TOGGLE
13-06-2020 04:08:12.6 [DEBUG] zfb9wpm8ehzvu9a0dzmx5pwdagvx2x8 publish on channel /TL_TOGGLE
13-06-2020 04:08:12.6 [DEBUG] zfb9wpm8ehzvu9a0dzmx5pwdagvx2x8 publish on channel /TL_TOGGLE
13-06-2020 04:08:12.6 [DEBUG] zfb9wpm8ehzvu9a0dzmx5pwdagvx2x8 publish on channel /TL_TOGGLE
13-06-2020 04:08:12.6 [DEBUG] 
[
   "F1#O"
]
13-06-2020 04:08:12.6 [DEBUG] 
[
   "F3#O"
]
13-06-2020 04:08:12.6 [DEBUG] 
[
   "F2#R"
]
13-06-2020 04:08:12.6 [DEBUG] 
[
   "F4#R"
]
13-06-2020 04:08:14.6 [DEBUG] zfb9wpm8ehzvu9a0dzmx5pwdagvx2x8 publish on channel /TL_TOGGLE
13-06-2020 04:08:14.6 [DEBUG] 
[
   "F1#R",
   "F3#R",
   "F2#G",
   "F4#G"
]
13-06-2020 04:08:22.6 [DEBUG] zfb9wpm8ehzvu9a0dzmx5pwdagvx2x8 publish on channel /TL_TOGGLE
13-06-2020 04:08:22.6 [DEBUG] zfb9wpm8ehzvu9a0dzmx5pwdagvx2x8 publish on channel /TL_TOGGLE
13-06-2020 04:08:22.6 [DEBUG] zfb9wpm8ehzvu9a0dzmx5pwdagvx2x8 publish on channel /TL_TOGGLE
13-06-2020 04:08:22.6 [DEBUG] zfb9wpm8ehzvu9a0dzmx5pwdagvx2x8 publish on channel /TL_TOGGLE
13-06-2020 04:08:22.6 [DEBUG] 
[
   "F1#R"
]
13-06-2020 04:08:22.6 [DEBUG] 
[
   "F3#R"
]
13-06-2020 04:08:22.6 [DEBUG] 
[
   "F2#O"
]
13-06-2020 04:08:22.6 [DEBUG] 
[
   "F4#O"
]
13-06-2020 04:08:24.6 [DEBUG] zfb9wpm8ehzvu9a0dzmx5pwdagvx2x8 publish on channel /TL_TOGGLE
13-06-2020 04:08:24.6 [DEBUG] 
[
   "F1#G",
   "F3#G",
   "F2#R",
   "F4#R"
]
13-06-2020 04:08:32.6 [DEBUG] zfb9wpm8ehzvu9a0dzmx5pwdagvx2x8 publish on channel /TL_TOGGLE
13-06-2020 04:08:32.6 [DEBUG] zfb9wpm8ehzvu9a0dzmx5pwdagvx2x8 publish on channel /TL_TOGGLE
13-06-2020 04:08:32.6 [DEBUG] zfb9wpm8ehzvu9a0dzmx5pwdagvx2x8 publish on channel /TL_TOGGLE
13-06-2020 04:08:32.6 [DEBUG] zfb9wpm8ehzvu9a0dzmx5pwdagvx2x8 publish on channel /TL_TOGGLE
13-06-2020 04:08:32.6 [DEBUG] 
[
   "F1#O"
]
13-06-2020 04:08:32.6 [DEBUG] 
[
   "F3#O"
]
13-06-2020 04:08:32.6 [DEBUG] 
[
   "F2#R"
]
13-06-2020 04:08:32.6 [DEBUG] 
[
   "F4#R"
]
13-06-2020 04:08:34.6 [DEBUG] 
[
   "F1#R",
   "F3#R",
   "F2#G",
   "F4#G"
]
13-06-2020 04:08:34.6 [DEBUG] zfb9wpm8ehzvu9a0dzmx5pwdagvx2x8 publish on channel /TL_TOGGLE
13-06-2020 04:08:42.6 [DEBUG] zfb9wpm8ehzvu9a0dzmx5pwdagvx2x8 publish on channel /TL_TOGGLE
13-06-2020 04:08:42.6 [DEBUG] zfb9wpm8ehzvu9a0dzmx5pwdagvx2x8 publish on channel /TL_TOGGLE
13-06-2020 04:08:42.6 [DEBUG] zfb9wpm8ehzvu9a0dzmx5pwdagvx2x8 publish on channel /TL_TOGGLE
13-06-2020 04:08:42.6 [DEBUG] zfb9wpm8ehzvu9a0dzmx5pwdagvx2x8 publish on channel /TL_TOGGLE
13-06-2020 04:08:42.6 [DEBUG] 
[
   "F1#R"
]
13-06-2020 04:08:42.6 [DEBUG] 
[
   "F3#R"
]
13-06-2020 04:08:42.6 [DEBUG] 
[
   "F2#O"
]
13-06-2020 04:08:42.6 [DEBUG] 
[
   "F4#O"
]
13-06-2020 04:08:44.6 [DEBUG] zfb9wpm8ehzvu9a0dzmx5pwdagvx2x8 publish on channel /TL_TOGGLE
13-06-2020 04:08:44.6 [DEBUG] 
[
   "F1#G",
   "F3#G",
   "F2#R",
   "F4#R"
]
13-06-2020 04:08:52.6 [DEBUG] zfb9wpm8ehzvu9a0dzmx5pwdagvx2x8 publish on channel /TL_TOGGLE
13-06-2020 04:08:52.6 [DEBUG] zfb9wpm8ehzvu9a0dzmx5pwdagvx2x8 publish on channel /TL_TOGGLE
13-06-2020 04:08:52.6 [DEBUG] zfb9wpm8ehzvu9a0dzmx5pwdagvx2x8 publish on channel /TL_TOGGLE
13-06-2020 04:08:52.6 [DEBUG] zfb9wpm8ehzvu9a0dzmx5pwdagvx2x8 publish on channel /TL_TOGGLE
13-06-2020 04:08:52.6 [DEBUG] 
[
   "F1#O"
]
13-06-2020 04:08:52.6 [DEBUG] 
[
   "F3#O"
]
13-06-2020 04:08:52.6 [DEBUG] 
[
   "F2#R"
]
13-06-2020 04:08:52.6 [DEBUG] 
[
   "F4#R"
]
13-06-2020 04:08:54.6 [DEBUG] zfb9wpm8ehzvu9a0dzmx5pwdagvx2x8 publish on channel /TL_TOGGLE
13-06-2020 04:08:54.6 [DEBUG] 
[
   "F1#R",
   "F3#R",
   "F2#G",
   "F4#G"
]
13-06-2020 04:09:02.6 [DEBUG] zfb9wpm8ehzvu9a0dzmx5pwdagvx2x8 publish on channel /TL_TOGGLE
13-06-2020 04:09:02.6 [DEBUG] zfb9wpm8ehzvu9a0dzmx5pwdagvx2x8 publish on channel /TL_TOGGLE
13-06-2020 04:09:02.6 [DEBUG] zfb9wpm8ehzvu9a0dzmx5pwdagvx2x8 publish on channel /TL_TOGGLE
13-06-2020 04:09:02.6 [DEBUG] zfb9wpm8ehzvu9a0dzmx5pwdagvx2x8 publish on channel /TL_TOGGLE
13-06-2020 04:09:02.6 [DEBUG] 
[
   "F1#R"
]
13-06-2020 04:09:02.6 [DEBUG] 
[
   "F3#R"
]
13-06-2020 04:09:02.6 [DEBUG] 
[
   "F2#O"
]
13-06-2020 04:09:02.6 [DEBUG] 
[
   "F4#O"
]
13-06-2020 04:09:04.6 [DEBUG] zfb9wpm8ehzvu9a0dzmx5pwdagvx2x8 publish on channel /TL_TOGGLE
13-06-2020 04:09:04.6 [DEBUG] 
[
   "F1#G",
   "F3#G",
   "F2#R",
   "F4#R"
]
13-06-2020 04:09:12.6 [DEBUG] zfb9wpm8ehzvu9a0dzmx5pwdagvx2x8 publish on channel /TL_TOGGLE
13-06-2020 04:09:12.6 [DEBUG] zfb9wpm8ehzvu9a0dzmx5pwdagvx2x8 publish on channel /TL_TOGGLE
13-06-2020 04:09:12.6 [DEBUG] zfb9wpm8ehzvu9a0dzmx5pwdagvx2x8 publish on channel /TL_TOGGLE
13-06-2020 04:09:12.6 [DEBUG] zfb9wpm8ehzvu9a0dzmx5pwdagvx2x8 publish on channel /TL_TOGGLE
13-06-2020 04:09:12.6 [DEBUG] 
[
   "F1#O"
]
13-06-2020 04:09:12.6 [DEBUG] 
[
   "F3#O"
]
13-06-2020 04:09:12.6 [DEBUG] 
[
   "F2#R"
]
13-06-2020 04:09:12.6 [DEBUG] 
[
   "F4#R"
]
13-06-2020 04:09:14.6 [DEBUG] zfb9wpm8ehzvu9a0dzmx5pwdagvx2x8 publish on channel /TL_TOGGLE
13-06-2020 04:09:14.6 [DEBUG] 
[
   "F1#R",
   "F3#R",
   "F2#G",
   "F4#G"
]
13-06-2020 04:09:22.6 [DEBUG] zfb9wpm8ehzvu9a0dzmx5pwdagvx2x8 publish on channel /TL_TOGGLE
13-06-2020 04:09:22.6 [DEBUG] zfb9wpm8ehzvu9a0dzmx5pwdagvx2x8 publish on channel /TL_TOGGLE
13-06-2020 04:09:22.6 [DEBUG] zfb9wpm8ehzvu9a0dzmx5pwdagvx2x8 publish on channel /TL_TOGGLE
13-06-2020 04:09:22.6 [DEBUG] zfb9wpm8ehzvu9a0dzmx5pwdagvx2x8 publish on channel /TL_TOGGLE
13-06-2020 04:09:22.6 [DEBUG] 
[
   "F1#R"
]
13-06-2020 04:09:22.6 [DEBUG] 
[
   "F3#R"
]
13-06-2020 04:09:22.6 [DEBUG] 
[
   "F2#O"
]
13-06-2020 04:09:22.6 [DEBUG] 
[
   "F4#O"
]
13-06-2020 04:09:24.6 [DEBUG] zfb9wpm8ehzvu9a0dzmx5pwdagvx2x8 publish on channel /TL_TOGGLE
13-06-2020 04:09:24.6 [DEBUG] 
[
   "F1#G",
   "F3#G",
   "F2#R",
   "F4#R"
]
13-06-2020 04:09:32.6 [DEBUG] zfb9wpm8ehzvu9a0dzmx5pwdagvx2x8 publish on channel /TL_TOGGLE
13-06-2020 04:09:32.6 [DEBUG] zfb9wpm8ehzvu9a0dzmx5pwdagvx2x8 publish on channel /TL_TOGGLE
13-06-2020 04:09:32.6 [DEBUG] 
[
   "F1#O"
]
13-06-2020 04:09:32.6 [DEBUG] zfb9wpm8ehzvu9a0dzmx5pwdagvx2x8 publish on channel /TL_TOGGLE
13-06-2020 04:09:32.6 [DEBUG] zfb9wpm8ehzvu9a0dzmx5pwdagvx2x8 publish on channel /TL_TOGGLE
13-06-2020 04:09:32.6 [DEBUG] 
[
   "F2#R"
]
13-06-2020 04:09:32.6 [DEBUG] 
[
   "F4#R"
]
13-06-2020 04:09:32.6 [DEBUG] 
[
   "F3#O"
]
13-06-2020 04:09:34.6 [DEBUG] zfb9wpm8ehzvu9a0dzmx5pwdagvx2x8 publish on channel /TL_TOGGLE
13-06-2020 04:09:34.6 [DEBUG] 
[
   "F1#R",
   "F3#R",
   "F2#G",
   "F4#G"
]
13-06-2020 04:09:42.6 [DEBUG] zfb9wpm8ehzvu9a0dzmx5pwdagvx2x8 publish on channel /TL_TOGGLE
13-06-2020 04:09:42.6 [DEBUG] zfb9wpm8ehzvu9a0dzmx5pwdagvx2x8 publish on channel /TL_TOGGLE
13-06-2020 04:09:42.6 [DEBUG] zfb9wpm8ehzvu9a0dzmx5pwdagvx2x8 publish on channel /TL_TOGGLE
13-06-2020 04:09:42.6 [DEBUG] zfb9wpm8ehzvu9a0dzmx5pwdagvx2x8 publish on channel /TL_TOGGLE
13-06-2020 04:09:42.6 [DEBUG] 
[
   "F1#R"
]
13-06-2020 04:09:42.6 [DEBUG] 
[
   "F3#R"
]
13-06-2020 04:09:42.6 [DEBUG] 
[
   "F2#O"
]
13-06-2020 04:09:42.6 [DEBUG] 
[
   "F4#O"
]
13-06-2020 04:09:44.6 [DEBUG] zfb9wpm8ehzvu9a0dzmx5pwdagvx2x8 publish on channel /TL_TOGGLE
13-06-2020 04:09:44.6 [DEBUG] 
[
   "F1#G",
   "F3#G",
   "F2#R",
   "F4#R"
]
13-06-2020 04:09:52.6 [DEBUG] zfb9wpm8ehzvu9a0dzmx5pwdagvx2x8 publish on channel /TL_TOGGLE
13-06-2020 04:09:52.6 [DEBUG] zfb9wpm8ehzvu9a0dzmx5pwdagvx2x8 publish on channel /TL_TOGGLE
13-06-2020 04:09:52.6 [DEBUG] zfb9wpm8ehzvu9a0dzmx5pwdagvx2x8 publish on channel /TL_TOGGLE
13-06-2020 04:09:52.6 [DEBUG] zfb9wpm8ehzvu9a0dzmx5pwdagvx2x8 publish on channel /TL_TOGGLE
13-06-2020 04:09:52.6 [DEBUG] 
[
   "F1#O"
]
13-06-2020 04:09:52.6 [DEBUG] 
[
   "F3#O"
]
13-06-2020 04:09:52.6 [DEBUG] 
[
   "F2#R"
]
13-06-2020 04:09:52.6 [DEBUG] 
[
   "F4#R"
]
13-06-2020 04:09:54.6 [DEBUG] zfb9wpm8ehzvu9a0dzmx5pwdagvx2x8 publish on channel /TL_TOGGLE
13-06-2020 04:09:54.6 [DEBUG] 
[
   "F1#R",
   "F3#R",
   "F2#G",
   "F4#G"
]
13-06-2020 04:10:02.6 [DEBUG] zfb9wpm8ehzvu9a0dzmx5pwdagvx2x8 publish on channel /TL_TOGGLE
13-06-2020 04:10:02.6 [DEBUG] zfb9wpm8ehzvu9a0dzmx5pwdagvx2x8 publish on channel /TL_TOGGLE
13-06-2020 04:10:02.6 [DEBUG] zfb9wpm8ehzvu9a0dzmx5pwdagvx2x8 publish on channel /TL_TOGGLE
13-06-2020 04:10:02.6 [DEBUG] zfb9wpm8ehzvu9a0dzmx5pwdagvx2x8 publish on channel /TL_TOGGLE
13-06-2020 04:10:02.6 [DEBUG] 
[
   "F1#R"
]
13-06-2020 04:10:02.6 [DEBUG] 
[
   "F3#R"
]
13-06-2020 04:10:02.6 [DEBUG] 
[
   "F2#O"
]
13-06-2020 04:10:02.6 [DEBUG] 
[
   "F4#O"
]
13-06-2020 04:10:04.6 [DEBUG] zfb9wpm8ehzvu9a0dzmx5pwdagvx2x8 publish on channel /TL_TOGGLE
13-06-2020 04:10:04.6 [DEBUG] 
[
   "F1#G",
   "F3#G",
   "F2#R",
   "F4#R"
]
13-06-2020 04:10:12.6 [DEBUG] zfb9wpm8ehzvu9a0dzmx5pwdagvx2x8 publish on channel /TL_TOGGLE
13-06-2020 04:10:12.6 [DEBUG] zfb9wpm8ehzvu9a0dzmx5pwdagvx2x8 publish on channel /TL_TOGGLE
13-06-2020 04:10:12.6 [DEBUG] zfb9wpm8ehzvu9a0dzmx5pwdagvx2x8 publish on channel /TL_TOGGLE
13-06-2020 04:10:12.6 [DEBUG] zfb9wpm8ehzvu9a0dzmx5pwdagvx2x8 publish on channel /TL_TOGGLE
13-06-2020 04:10:12.6 [DEBUG] 
[
   "F1#O"
]
13-06-2020 04:10:12.6 [DEBUG] 
[
   "F3#O"
]
13-06-2020 04:10:12.6 [DEBUG] 
[
   "F2#R"
]
13-06-2020 04:10:12.6 [DEBUG] 
[
   "F4#R"
]
13-06-2020 04:10:14.6 [DEBUG] zfb9wpm8ehzvu9a0dzmx5pwdagvx2x8 publish on channel /TL_TOGGLE
13-06-2020 04:10:14.6 [DEBUG] 
[
   "F1#R",
   "F3#R",
   "F2#G",
   "F4#G"
]
13-06-2020 04:10:22.6 [DEBUG] zfb9wpm8ehzvu9a0dzmx5pwdagvx2x8 publish on channel /TL_TOGGLE
13-06-2020 04:10:22.6 [DEBUG] zfb9wpm8ehzvu9a0dzmx5pwdagvx2x8 publish on channel /TL_TOGGLE
13-06-2020 04:10:22.6 [DEBUG] zfb9wpm8ehzvu9a0dzmx5pwdagvx2x8 publish on channel /TL_TOGGLE
13-06-2020 04:10:22.6 [DEBUG] zfb9wpm8ehzvu9a0dzmx5pwdagvx2x8 publish on channel /TL_TOGGLE
13-06-2020 04:10:22.6 [DEBUG] 
[
   "F3#R"
]
13-06-2020 04:10:22.6 [DEBUG] 
[
   "F2#O"
]
13-06-2020 04:10:22.6 [DEBUG] 
[
   "F1#R"
]
13-06-2020 04:10:22.6 [DEBUG] 
[
   "F4#O"
]
13-06-2020 04:10:24.6 [DEBUG] zfb9wpm8ehzvu9a0dzmx5pwdagvx2x8 publish on channel /TL_TOGGLE
13-06-2020 04:10:24.6 [DEBUG] 
[
   "F1#G",
   "F3#G",
   "F2#R",
   "F4#R"
]
13-06-2020 04:10:32.6 [DEBUG] zfb9wpm8ehzvu9a0dzmx5pwdagvx2x8 publish on channel /TL_TOGGLE
13-06-2020 04:10:32.6 [DEBUG] zfb9wpm8ehzvu9a0dzmx5pwdagvx2x8 publish on channel /TL_TOGGLE
13-06-2020 04:10:32.6 [DEBUG] 
[
   "F1#O"
]
13-06-2020 04:10:32.6 [DEBUG] 
[
   "F3#O"
]
13-06-2020 04:10:32.6 [DEBUG] 
[
   "F2#R"
]
13-06-2020 04:10:32.6 [DEBUG] zfb9wpm8ehzvu9a0dzmx5pwdagvx2x8 publish on channel /TL_TOGGLE
13-06-2020 04:10:32.6 [DEBUG] zfb9wpm8ehzvu9a0dzmx5pwdagvx2x8 publish on channel /TL_TOGGLE
13-06-2020 04:10:32.6 [DEBUG] 
[
   "F4#R"
]
13-06-2020 04:10:34.6 [DEBUG] zfb9wpm8ehzvu9a0dzmx5pwdagvx2x8 publish on channel /TL_TOGGLE
13-06-2020 04:10:34.6 [DEBUG] 
[
   "F1#R",
   "F3#R",
   "F2#G",
   "F4#G"
]
13-06-2020 04:10:42.6 [DEBUG] zfb9wpm8ehzvu9a0dzmx5pwdagvx2x8 publish on channel /TL_TOGGLE
13-06-2020 04:10:42.6 [DEBUG] zfb9wpm8ehzvu9a0dzmx5pwdagvx2x8 publish on channel /TL_TOGGLE
13-06-2020 04:10:42.6 [DEBUG] zfb9wpm8ehzvu9a0dzmx5pwdagvx2x8 publish on channel /TL_TOGGLE
13-06-2020 04:10:42.6 [DEBUG] zfb9wpm8ehzvu9a0dzmx5pwdagvx2x8 publish on channel /TL_TOGGLE
13-06-2020 04:10:42.6 [DEBUG] 
[
   "F1#R"
]
13-06-2020 04:10:42.6 [DEBUG] 
[
   "F3#R"
]
13-06-2020 04:10:42.6 [DEBUG] 
[
   "F2#O"
]
13-06-2020 04:10:42.6 [DEBUG] 
[
   "F4#O"
]
13-06-2020 04:10:44.6 [DEBUG] zfb9wpm8ehzvu9a0dzmx5pwdagvx2x8 publish on channel /TL_TOGGLE
13-06-2020 04:10:44.6 [DEBUG] 
[
   "F1#G",
   "F3#G",
   "F2#R",
   "F4#R"
]
13-06-2020 04:10:52.6 [DEBUG] zfb9wpm8ehzvu9a0dzmx5pwdagvx2x8 publish on channel /TL_TOGGLE
13-06-2020 04:10:52.6 [DEBUG] zfb9wpm8ehzvu9a0dzmx5pwdagvx2x8 publish on channel /TL_TOGGLE
13-06-2020 04:10:52.6 [DEBUG] zfb9wpm8ehzvu9a0dzmx5pwdagvx2x8 publish on channel /TL_TOGGLE
13-06-2020 04:10:52.6 [DEBUG] 
[
   "F1#O"
]
13-06-2020 04:10:52.6 [DEBUG] zfb9wpm8ehzvu9a0dzmx5pwdagvx2x8 publish on channel /TL_TOGGLE
13-06-2020 04:10:52.6 [DEBUG] 
[
   "F3#O"
]
13-06-2020 04:10:52.6 [DEBUG] 
[
   "F2#R"
]
13-06-2020 04:10:52.6 [DEBUG] 
[
   "F4#R"
]
13-06-2020 04:10:54.6 [DEBUG] zfb9wpm8ehzvu9a0dzmx5pwdagvx2x8 publish on channel /TL_TOGGLE
13-06-2020 04:10:54.6 [DEBUG] 
[
   "F1#R",
   "F3#R",
   "F2#G",
   "F4#G"
]
13-06-2020 04:11:02.6 [DEBUG] zfb9wpm8ehzvu9a0dzmx5pwdagvx2x8 publish on channel /TL_TOGGLE
13-06-2020 04:11:02.6 [DEBUG] zfb9wpm8ehzvu9a0dzmx5pwdagvx2x8 publish on channel /TL_TOGGLE
13-06-2020 04:11:02.6 [DEBUG] zfb9wpm8ehzvu9a0dzmx5pwdagvx2x8 publish on channel /TL_TOGGLE
13-06-2020 04:11:02.6 [DEBUG] zfb9wpm8ehzvu9a0dzmx5pwdagvx2x8 publish on channel /TL_TOGGLE
13-06-2020 04:11:02.6 [DEBUG] 
[
   "F1#R"
]
13-06-2020 04:11:02.6 [DEBUG] 
[
   "F3#R"
]
13-06-2020 04:11:02.6 [DEBUG] 
[
   "F2#O"
]
13-06-2020 04:11:02.6 [DEBUG] 
[
   "F4#O"
]
13-06-2020 04:11:04.6 [DEBUG] zfb9wpm8ehzvu9a0dzmx5pwdagvx2x8 publish on channel /TL_TOGGLE
13-06-2020 04:11:04.6 [DEBUG] 
[
   "F1#G",
   "F3#G",
   "F2#R",
   "F4#R"
]
13-06-2020 04:11:12.6 [DEBUG] zfb9wpm8ehzvu9a0dzmx5pwdagvx2x8 publish on channel /TL_TOGGLE
13-06-2020 04:11:12.6 [DEBUG] zfb9wpm8ehzvu9a0dzmx5pwdagvx2x8 publish on channel /TL_TOGGLE
13-06-2020 04:11:12.6 [DEBUG] zfb9wpm8ehzvu9a0dzmx5pwdagvx2x8 publish on channel /TL_TOGGLE
13-06-2020 04:11:12.6 [DEBUG] zfb9wpm8ehzvu9a0dzmx5pwdagvx2x8 publish on channel /TL_TOGGLE
13-06-2020 04:11:12.6 [DEBUG] 
[
   "F1#O"
]
13-06-2020 04:11:12.6 [DEBUG] 
[
   "F3#O"
]
13-06-2020 04:11:12.6 [DEBUG] 
[
   "F2#R"
]
13-06-2020 04:11:12.6 [DEBUG] 
[
   "F4#R"
]
13-06-2020 04:11:14.6 [DEBUG] zfb9wpm8ehzvu9a0dzmx5pwdagvx2x8 publish on channel /TL_TOGGLE
13-06-2020 04:11:14.6 [DEBUG] 
[
   "F1#R",
   "F3#R",
   "F2#G",
   "F4#G"
]
13-06-2020 04:11:22.6 [DEBUG] zfb9wpm8ehzvu9a0dzmx5pwdagvx2x8 publish on channel /TL_TOGGLE
13-06-2020 04:11:22.6 [DEBUG] zfb9wpm8ehzvu9a0dzmx5pwdagvx2x8 publish on channel /TL_TOGGLE
13-06-2020 04:11:22.6 [DEBUG] zfb9wpm8ehzvu9a0dzmx5pwdagvx2x8 publish on channel /TL_TOGGLE
13-06-2020 04:11:22.6 [DEBUG] zfb9wpm8ehzvu9a0dzmx5pwdagvx2x8 publish on channel /TL_TOGGLE
13-06-2020 04:11:22.6 [DEBUG] 
[
   "F1#R"
]
13-06-2020 04:11:22.6 [DEBUG] 
[
   "F3#R"
]
13-06-2020 04:11:22.6 [DEBUG] 
[
   "F2#O"
]
13-06-2020 04:11:22.6 [DEBUG] 
[
   "F4#O"
]
13-06-2020 04:11:24.6 [DEBUG] zfb9wpm8ehzvu9a0dzmx5pwdagvx2x8 publish on channel /TL_TOGGLE
13-06-2020 04:11:24.6 [DEBUG] 
[
   "F1#G",
   "F3#G",
   "F2#R",
   "F4#R"
]
13-06-2020 04:11:32.6 [DEBUG] zfb9wpm8ehzvu9a0dzmx5pwdagvx2x8 publish on channel /TL_TOGGLE
13-06-2020 04:11:32.6 [DEBUG] zfb9wpm8ehzvu9a0dzmx5pwdagvx2x8 publish on channel /TL_TOGGLE
13-06-2020 04:11:32.6 [DEBUG] zfb9wpm8ehzvu9a0dzmx5pwdagvx2x8 publish on channel /TL_TOGGLE
13-06-2020 04:11:32.6 [DEBUG] zfb9wpm8ehzvu9a0dzmx5pwdagvx2x8 publish on channel /TL_TOGGLE
13-06-2020 04:11:32.6 [DEBUG] 
[
   "F3#O"
]
13-06-2020 04:11:32.6 [DEBUG] 
[
   "F2#R"
]
13-06-2020 04:11:32.6 [DEBUG] 
[
   "F1#O"
]
13-06-2020 04:11:32.6 [DEBUG] 
[
   "F4#R"
]
13-06-2020 04:11:34.6 [DEBUG] zfb9wpm8ehzvu9a0dzmx5pwdagvx2x8 publish on channel /TL_TOGGLE
13-06-2020 04:11:34.6 [DEBUG] 
[
   "F1#R",
   "F3#R",
   "F2#G",
   "F4#G"
]
13-06-2020 04:11:42.6 [DEBUG] zfb9wpm8ehzvu9a0dzmx5pwdagvx2x8 publish on channel /TL_TOGGLE
13-06-2020 04:11:42.6 [DEBUG] zfb9wpm8ehzvu9a0dzmx5pwdagvx2x8 publish on channel /TL_TOGGLE
13-06-2020 04:11:42.6 [DEBUG] zfb9wpm8ehzvu9a0dzmx5pwdagvx2x8 publish on channel /TL_TOGGLE
13-06-2020 04:11:42.6 [DEBUG] zfb9wpm8ehzvu9a0dzmx5pwdagvx2x8 publish on channel /TL_TOGGLE
13-06-2020 04:11:42.6 [DEBUG] 
[
   "F1#R"
]
13-06-2020 04:11:42.6 [DEBUG] 
[
   "F3#R"
]
13-06-2020 04:11:42.6 [DEBUG] 
[
   "F2#O"
]
13-06-2020 04:11:42.6 [DEBUG] 
[
   "F4#O"
]
13-06-2020 04:11:44.6 [DEBUG] zfb9wpm8ehzvu9a0dzmx5pwdagvx2x8 publish on channel /TL_TOGGLE
13-06-2020 04:11:44.6 [DEBUG] 
[
   "F1#G",
   "F3#G",
   "F2#R",
   "F4#R"
]
13-06-2020 04:11:52.6 [DEBUG] zfb9wpm8ehzvu9a0dzmx5pwdagvx2x8 publish on channel /TL_TOGGLE
13-06-2020 04:11:52.6 [DEBUG] zfb9wpm8ehzvu9a0dzmx5pwdagvx2x8 publish on channel /TL_TOGGLE
13-06-2020 04:11:52.6 [DEBUG] zfb9wpm8ehzvu9a0dzmx5pwdagvx2x8 publish on channel /TL_TOGGLE
13-06-2020 04:11:52.6 [DEBUG] zfb9wpm8ehzvu9a0dzmx5pwdagvx2x8 publish on channel /TL_TOGGLE
13-06-2020 04:11:52.6 [DEBUG] 
[
   "F1#O"
]
13-06-2020 04:11:52.6 [DEBUG] 
[
   "F3#O"
]
13-06-2020 04:11:52.6 [DEBUG] 
[
   "F4#R"
]
13-06-2020 04:11:52.6 [DEBUG] 
[
   "F2#R"
]
13-06-2020 04:11:54.6 [DEBUG] zfb9wpm8ehzvu9a0dzmx5pwdagvx2x8 publish on channel /TL_TOGGLE
13-06-2020 04:11:54.6 [DEBUG] 
[
   "F1#R",
   "F3#R",
   "F2#G",
   "F4#G"
]
